<?xml version="1.0" encoding="utf-8"?><testsuites name="pytest tests"><testsuite name="pytest" errors="0" failures="30" skipped="0" tests="2176" time="505.623" timestamp="2026-08-10T11:55:18.572384+02:00" hostname="SRV-3AI"><testcase classname="tests.evaluation.test_bilingual_eval" name="test_bilingual_evaluator_uses_trusted_structured_signature" time="0.001" /><testcase classname="tests.evaluation.test_bilingual_eval" name="test_bilingual_evaluator_detects_semantic_drift_without_keyword_scoring" time="0.001" /><testcase classname="tests.evaluation.test_bilingual_eval" name="test_bilingual_evaluator_rejects_candidate_from_another_family" time="0.001" /><testcase classname="tests.evaluation.test_c3_holdout_protocol" name="test_official_c3_suite_registration_loads_holdout_then_regression" time="0.064" /><testcase classname="tests.evaluation.test_c3_holdout_protocol" name="test_official_c3_suite_loader_rejects_source_fixture_drift" time="0.029" /><testcase classname="tests.evaluation.test_c3_holdout_protocol" name="test_official_c3_suite_loader_rejects_manifest_hash_substitution[holdout]" time="0.026" /><testcase classname="tests.evaluation.test_c3_holdout_protocol" name="test_official_c3_suite_loader_rejects_manifest_hash_substitution[regression]" time="0.026" /><testcase classname="tests.evaluation.test_c3_holdout_protocol" name="test_official_c3_suite_loader_rejects_protocol_substitution[protocol_freeze_commit-0000000000000000000000000000000000000000]" time="0.026" /><testcase classname="tests.evaluation.test_c3_holdout_protocol" name="test_official_c3_suite_loader_rejects_protocol_substitution[instruction_sha256-0000000000000000000000000000000000000000000000000000000000000000]" time="0.026" /><testcase classname="tests.evaluation.test_c3_holdout_protocol" name="test_official_c3_suite_loader_rejects_protocol_substitution[output_schema_sha256-0000000000000000000000000000000000000000000000000000000000000000]" time="0.027" /><testcase classname="tests.evaluation.test_c3_holdout_protocol" name="test_official_c3_suite_loader_rejects_protocol_substitution[calibration_policy_id-changed-calibration-policy]" time="0.027" /><testcase classname="tests.evaluation.test_c3_holdout_protocol" name="test_official_c3_suite_loader_rejects_role_or_id_substitution[holdout-updates0-holdout role]" time="0.027" /><testcase classname="tests.evaluation.test_c3_holdout_protocol" name="test_official_c3_suite_loader_rejects_role_or_id_substitution[holdout-updates1-holdout role]" time="0.027" /><testcase classname="tests.evaluation.test_c3_holdout_protocol" name="test_official_c3_suite_loader_rejects_role_or_id_substitution[regression-updates2-regression identity]" time="0.026" /><testcase classname="tests.evaluation.test_c3_holdout_protocol" name="test_holdout_builder_is_create_only_and_v2_manifest_is_sealed" time="0.043" /><testcase classname="tests.evaluation.test_c3_holdout_protocol" name="test_source_grounding_pins_match_exact_reviewed_fixture_bytes" time="0.033" /><testcase classname="tests.evaluation.test_c3_holdout_protocol" name="test_builder_rejects_changed_source_fixture_bytes" time="0.029" /><testcase classname="tests.evaluation.test_c3_holdout_protocol" name="test_builder_validates_selected_canonical_interpretation" time="0.039" /><testcase classname="tests.evaluation.test_c3_holdout_protocol" name="test_loader_rejects_non_object_manifest[[]]" time="0.002" /><testcase classname="tests.evaluation.test_c3_holdout_protocol" name="test_loader_rejects_non_object_manifest[null]" time="0.002" /><testcase classname="tests.evaluation.test_c3_holdout_protocol" name="test_loader_rejects_non_object_manifest[&quot;manifest&quot;]" time="0.002" /><testcase classname="tests.evaluation.test_c3_holdout_protocol" name="test_holdout_builder_bytes_are_deterministic_lf_only_and_physically_split" time="0.023" /><testcase classname="tests.evaluation.test_c3_holdout_protocol" name="test_holdout_is_balanced_and_every_evaluator_identifier_stays_private" time="0.036" /><testcase classname="tests.evaluation.test_c3_holdout_protocol" name="test_loader_rejects_provider_visible_evaluator_identity_mutation[case_id]" time="0.040" /><testcase classname="tests.evaluation.test_c3_holdout_protocol" name="test_loader_rejects_provider_visible_evaluator_identity_mutation[root_id]" time="0.038" /><testcase classname="tests.evaluation.test_c3_holdout_protocol" name="test_loader_rejects_provider_visible_evaluator_identity_mutation[family_id]" time="0.043" /><testcase classname="tests.evaluation.test_c3_holdout_protocol" name="test_loader_rejects_provider_visible_evaluator_identity_mutation[variant_id]" time="0.042" /><testcase classname="tests.evaluation.test_c3_holdout_protocol" name="test_loader_rejects_provider_visible_evaluator_identity_mutation[bilingual_pair_id]" time="0.044" /><testcase classname="tests.evaluation.test_c3_holdout_protocol" name="test_loader_rejects_provider_visible_evaluator_identity_mutation[native_truth_id]" time="0.035" /><testcase classname="tests.evaluation.test_c3_holdout_protocol" name="test_loader_rejects_provider_visible_evaluator_identity_mutation[profile_id]" time="0.038" /><testcase classname="tests.evaluation.test_c3_holdout_protocol" name="test_loader_rejects_provider_visible_evaluator_identity_mutation[evaluator_only_canary]" time="0.035" /><testcase classname="tests.evaluation.test_c3_holdout_protocol" name="test_v2_model_gate_requires_every_case_not_only_structural_counts" time="0.456" /><testcase classname="tests.evaluation.test_c3_holdout_protocol" name="test_result_cold_validation_rejects_declared_evidence_id_substitution" time="0.127" /><testcase classname="tests.evaluation.test_c3_holdout_protocol" name="test_typed_provenance_rejects_readdressed_placement_claims[context]" time="0.086" /><testcase classname="tests.evaluation.test_c3_holdout_protocol" name="test_typed_provenance_rejects_readdressed_placement_claims[full_gpu]" time="0.089" /><testcase classname="tests.evaluation.test_c3_holdout_protocol" name="test_failure_classifier_exposes_only_stable_codes[error0-transport_failure]" time="0.000" /><testcase classname="tests.evaluation.test_c3_holdout_protocol" name="test_failure_classifier_exposes_only_stable_codes[error1-unexpected_provider_failure]" time="0.000" /><testcase classname="tests.evaluation.test_c3_holdout_protocol" name="test_failure_classifier_exposes_only_stable_codes[error2-generation_contract_failure]" time="0.000" /><testcase classname="tests.evaluation.test_c3_holdout_protocol" name="test_failure_classifier_exposes_only_stable_codes[error3-unexpected_provider_failure]" time="0.000" /><testcase classname="tests.evaluation.test_c3_holdout_protocol" name="test_failure_classifier_exposes_only_stable_codes[error4-structured_output_invalid]" time="0.000" /><testcase classname="tests.evaluation.test_c3_holdout_protocol" name="test_failure_classifier_exposes_only_stable_codes[error5-conscious_access_rejected]" time="0.000" /><testcase classname="tests.evaluation.test_c3_holdout_protocol" name="test_failure_classifier_exposes_only_stable_codes[error6-runtime_identity_mismatch]" time="0.000" /><testcase classname="tests.evaluation.test_c3_holdout_protocol" name="test_failure_classifier_exposes_only_stable_codes[error7-gpu_placement_failure]" time="0.000" /><testcase classname="tests.evaluation.test_c3_holdout_protocol" name="test_failure_evidence_is_content_addressed_and_contains_no_exception_text" time="0.033" /><testcase classname="tests.evaluation.test_c3_holdout_protocol" name="test_holdout_manifest_rejects_regression_family_reuse" time="0.009" /><testcase classname="tests.evaluation.test_c3_holdout_protocol" name="test_loader_rejects_source_pin_to_gold_mapping_substitution" time="0.029" /><testcase classname="tests.evaluation.test_c3_holdout_protocol" name="test_protocol_seal_rejects_operator_supplied_unfrozen_hashes" time="0.000" /><testcase classname="tests.evaluation.test_c3_holdout_protocol" name="test_protocol_seal_rejects_dirty_scoped_source" time="0.001" /><testcase classname="tests.evaluation.test_c3_holdout_protocol" name="test_protocol_seal_rejects_dirty_package_initializer" time="0.001" /><testcase classname="tests.evaluation.test_c3_holdout_protocol" name="test_protocol_seal_requires_main_already_pushed" time="0.001" /><testcase classname="tests.evaluation.test_c3_official_pair" name="test_bootstrap_uses_only_stdlib_before_preflight" time="0.003" /><testcase classname="tests.evaluation.test_c3_official_pair" name="test_bootstrap_sanitizes_git_redirection_and_replacement_environment" time="0.000" /><testcase classname="tests.evaluation.test_c3_official_pair" name="test_git_execution_rejects_repository_shadow_before_subprocess" time="0.002" /><testcase classname="tests.evaluation.test_c3_official_pair" name="test_trusted_windows_git_hash_pin_matches_local_executable" time="0.009" /><testcase classname="tests.evaluation.test_c3_official_pair" name="test_scoped_tree_z_parser_preserves_tabs_and_newlines" time="0.000" /><testcase classname="tests.evaluation.test_c3_official_pair" name="test_scoped_tree_z_parser_rejects_malformed_records[100644 blob aaaaaaaaaaaaaaaaaaaaaaaaaaaaaaaaaaaaaaaa\truntime/module.py]" time="0.000" /><testcase classname="tests.evaluation.test_c3_official_pair" name="test_scoped_tree_z_parser_rejects_malformed_records[120000 blob aaaaaaaaaaaaaaaaaaaaaaaaaaaaaaaaaaaaaaaa\truntime/module.py\x00]" time="0.000" /><testcase classname="tests.evaluation.test_c3_official_pair" name="test_scoped_tree_z_parser_rejects_malformed_records[100644 blob bad\truntime/module.py\x00]" time="0.000" /><testcase classname="tests.evaluation.test_c3_official_pair" name="test_scoped_tree_z_parser_rejects_malformed_records[100644 blob aaaaaaaaaaaaaaaaaaaaaaaaaaaaaaaaaaaaaaaa\truntime/module.py\x00100644 blob aaaaaaaaaaaaaaaaaaaaaaaaaaaaaaaaaaaaaaaa\truntime/module.py\x00]" time="0.000" /><testcase classname="tests.evaluation.test_c3_official_pair" name="test_scoped_index_z_parser_rejects_conflict_stage" time="0.000" /><testcase classname="tests.evaluation.test_c3_official_pair" name="test_scoped_tree_rejects_worktree_bytes_hidden_from_status" time="0.007" /><testcase classname="tests.evaluation.test_c3_official_pair" name="test_scoped_tree_rejects_index_that_differs_from_head" time="0.002" /><testcase classname="tests.evaluation.test_c3_official_pair" name="test_scoped_tree_rejects_ignored_import_collision" time="0.003" /><testcase classname="tests.evaluation.test_c3_official_pair" name="test_scoped_tree_rejects_ignored_extension_collision" time="0.003" /><testcase classname="tests.evaluation.test_c3_official_pair" name="test_scoped_tree_allows_only_isolated_pycache_artifacts" time="0.003" /><testcase classname="tests.evaluation.test_c3_official_pair" name="test_isolated_project_import_ignores_matching_local_pyc" time="0.086" /><testcase classname="tests.evaluation.test_c3_official_pair" name="test_isolated_project_import_does_not_readd_repository_root" time="0.828" /><testcase classname="tests.evaluation.test_c3_official_pair" name="test_git_reparse_gate_runs_before_any_git_subprocess[scripts.run_c3_racio_official_pair]" time="0.002" /><testcase classname="tests.evaluation.test_c3_official_pair" name="test_git_reparse_gate_runs_before_any_git_subprocess[scripts.c3_racio_official_pair]" time="0.002" /><testcase classname="tests.evaluation.test_c3_official_pair" name="test_namespace_install_rejects_same_stem_package_collision" time="0.004" /><testcase classname="tests.evaluation.test_c3_official_pair" name="test_namespace_install_rejects_same_stem_extension_collision" time="0.004" /><testcase classname="tests.evaluation.test_c3_official_pair" name="test_namespace_install_rejects_top_level_rei_module_collision" time="0.004" /><testcase classname="tests.evaluation.test_c3_official_pair" name="test_bootstrap_failure_prevents_implementation_import" time="0.000" /><testcase classname="tests.evaluation.test_c3_official_pair" name="test_bootstrap_requires_isolated_no_site_python" time="0.000" /><testcase classname="tests.evaluation.test_c3_official_pair" name="test_bootstrap_accepts_only_exact_pushed_seal_delta" time="0.000"><failure message="ValueError: Official C3 Git directory differs from the repository">tests\evaluation\test_c3_official_pair.py:714: in test_bootstrap_accepts_only_exact_pushed_seal_delta
    assert bootstrap_runner.bootstrap_preflight() == SOURCE_COMMIT
           ^^^^^^^^^^^^^^^^^^^^^^^^^^^^^^^^^^^^^^
scripts\run_c3_racio_official_pair.py:658: in bootstrap_preflight
    expected_git_directory = _validated_local_git_directory()
                             ^^^^^^^^^^^^^^^^^^^^^^^^^^^^^^^^
scripts\run_c3_racio_official_pair.py:227: in _validated_local_git_directory
    raise ValueError("Official C3 Git directory differs from the repository")
E   ValueError: Official C3 Git directory differs from the repository</failure></testcase><testcase classname="tests.evaluation.test_c3_official_pair" name="test_official_profile_is_exact_typed_and_has_no_cli_overrides" time="0.001" /><testcase classname="tests.evaluation.test_c3_official_pair" name="test_official_profile_requires_explicit_gpu_environment" time="0.000" /><testcase classname="tests.evaluation.test_c3_official_pair" name="test_official_profile_rejects_environment_deviation[REI_OLLAMA_NUM_CTX-32768]" time="0.000" /><testcase classname="tests.evaluation.test_c3_official_pair" name="test_official_profile_rejects_environment_deviation[REI_OLLAMA_NUM_GPU-0]" time="0.000" /><testcase classname="tests.evaluation.test_c3_official_pair" name="test_official_profile_rejects_environment_deviation[REI_OLLAMA_MODEL-qwen3.5:27b]" time="0.000" /><testcase classname="tests.evaluation.test_c3_official_pair" name="test_official_profile_rejects_environment_deviation[REI_OLLAMA_BASE_URL-http://example.invalid:11434]" time="0.000" /><testcase classname="tests.evaluation.test_c3_official_pair" name="test_official_profile_rejects_environment_deviation[REI_OLLAMA_SEED-1]" time="0.000" /><testcase classname="tests.evaluation.test_c3_official_pair" name="test_official_profile_rejects_environment_deviation[REI_OLLAMA_NUM_PREDICT-2048]" time="0.000" /><testcase classname="tests.evaluation.test_c3_official_pair" name="test_official_profile_rejects_environment_deviation[REI_OLLAMA_KEEP_ALIVE-5m]" time="0.000" /><testcase classname="tests.evaluation.test_c3_official_pair" name="test_official_profile_rejects_environment_deviation[REI_OLLAMA_TEMPERATURE-0.1]" time="0.000" /><testcase classname="tests.evaluation.test_c3_official_pair" name="test_official_profile_rejects_environment_deviation[REI_OLLAMA_TIMEOUT_SECONDS-30]" time="0.000" /><testcase classname="tests.evaluation.test_c3_official_pair" name="test_official_profile_rejects_environment_deviation[REI_OLLAMA_REQUIRE_FULL_GPU-false]" time="0.000" /><testcase classname="tests.evaluation.test_c3_official_pair" name="test_source_gate_accepts_only_clean_pushed_direct_child" time="0.000"><failure message="ValueError: Official C3 Git directory differs from the repository">tests\evaluation\test_c3_official_pair.py:847: in test_source_gate_accepts_only_clean_pushed_direct_child
    assert pair_runner.scoped_source_commit() == SOURCE_COMMIT
           ^^^^^^^^^^^^^^^^^^^^^^^^^^^^^^^^^^
scripts\c3_racio_official_pair.py:514: in scoped_source_commit
    raise ValueError("Official C3 Git directory differs from the repository")
E   ValueError: Official C3 Git directory differs from the repository</failure></testcase><testcase classname="tests.evaluation.test_c3_official_pair" name="test_source_gate_rejects_branch_origin_descendant_merge_and_dirt[overrides0-directly on main]" time="0.000"><failure message="AssertionError: Regex pattern did not match.&#10;  Expected regex: 'directly on main'&#10;  Actual message: 'Official C3 Git directory differs from the repository'">tests\evaluation\test_c3_official_pair.py:869: in test_source_gate_rejects_branch_origin_descendant_merge_and_dirt
    with pytest.raises(ValueError, match=message):
E   AssertionError: Regex pattern did not match.
E     Expected regex: 'directly on main'
E     Actual message: 'Official C3 Git directory differs from the repository'</failure></testcase><testcase classname="tests.evaluation.test_c3_official_pair" name="test_source_gate_rejects_branch_origin_descendant_merge_and_dirt[overrides1-HEAD to equal origin/main]" time="0.000"><failure message="AssertionError: Regex pattern did not match.&#10;  Expected regex: 'HEAD to equal origin/main'&#10;  Actual message: 'Official C3 Git directory differs from the repository'">tests\evaluation\test_c3_official_pair.py:869: in test_source_gate_rejects_branch_origin_descendant_merge_and_dirt
    with pytest.raises(ValueError, match=message):
E   AssertionError: Regex pattern did not match.
E     Expected regex: 'HEAD to equal origin/main'
E     Actual message: 'Official C3 Git directory differs from the repository'</failure></testcase><testcase classname="tests.evaluation.test_c3_official_pair" name="test_source_gate_rejects_branch_origin_descendant_merge_and_dirt[overrides2-single direct child]" time="0.000"><failure message="AssertionError: Regex pattern did not match.&#10;  Expected regex: 'single direct child'&#10;  Actual message: 'Official C3 Git directory differs from the repository'">tests\evaluation\test_c3_official_pair.py:869: in test_source_gate_rejects_branch_origin_descendant_merge_and_dirt
    with pytest.raises(ValueError, match=message):
E   AssertionError: Regex pattern did not match.
E     Expected regex: 'single direct child'
E     Actual message: 'Official C3 Git directory differs from the repository'</failure></testcase><testcase classname="tests.evaluation.test_c3_official_pair" name="test_source_gate_rejects_branch_origin_descendant_merge_and_dirt[overrides3-single direct child]" time="0.000"><failure message="AssertionError: Regex pattern did not match.&#10;  Expected regex: 'single direct child'&#10;  Actual message: 'Official C3 Git directory differs from the repository'">tests\evaluation\test_c3_official_pair.py:869: in test_source_gate_rejects_branch_origin_descendant_merge_and_dirt
    with pytest.raises(ValueError, match=message):
E   AssertionError: Regex pattern did not match.
E     Expected regex: 'single direct child'
E     Actual message: 'Official C3 Git directory differs from the repository'</failure></testcase><testcase classname="tests.evaluation.test_c3_official_pair" name="test_source_gate_rejects_branch_origin_descendant_merge_and_dirt[overrides4-must be clean]" time="0.001"><failure message="AssertionError: Regex pattern did not match.&#10;  Expected regex: 'must be clean'&#10;  Actual message: 'Official C3 Git directory differs from the repository'">tests\evaluation\test_c3_official_pair.py:869: in test_source_gate_rejects_branch_origin_descendant_merge_and_dirt
    with pytest.raises(ValueError, match=message):
E   AssertionError: Regex pattern did not match.
E     Expected regex: 'must be clean'
E     Actual message: 'Official C3 Git directory differs from the repository'</failure></testcase><testcase classname="tests.evaluation.test_c3_official_pair" name="test_source_gate_rejects_missing_protocol_commit" time="0.000"><failure message="AssertionError: Regex pattern did not match.&#10;  Expected regex: 'protocol-freeze commit is unavailable'&#10;  Actual message: 'Official C3 Git directory differs from the repository'">tests\evaluation\test_c3_official_pair.py:890: in test_source_gate_rejects_missing_protocol_commit
    with pytest.raises(ValueError, match="protocol-freeze commit is unavailable"):
E   AssertionError: Regex pattern did not match.
E     Expected regex: 'protocol-freeze commit is unavailable'
E     Actual message: 'Official C3 Git directory differs from the repository'</failure></testcase><testcase classname="tests.evaluation.test_c3_official_pair" name="test_source_gate_rejects_any_non_allowlisted_seal_delta" time="0.000"><failure message="AssertionError: Regex pattern did not match.&#10;  Expected regex: 'delta differs from its allowlist'&#10;  Actual message: 'Official C3 Git directory differs from the repository'">tests\evaluation\test_c3_official_pair.py:901: in test_source_gate_rejects_any_non_allowlisted_seal_delta
    with pytest.raises(ValueError, match="delta differs from its allowlist"):
E   AssertionError: Regex pattern did not match.
E     Expected regex: 'delta differs from its allowlist'
E     Actual message: 'Official C3 Git directory differs from the repository'</failure></testcase><testcase classname="tests.evaluation.test_c3_official_pair" name="test_frozen_source_validation_rejects_protocol_fixture_tamper" time="0.032" /><testcase classname="tests.evaluation.test_c3_official_pair" name="test_counting_transport_counts_only_exact_generate_dispatch" time="0.000" /><testcase classname="tests.evaluation.test_c3_official_pair" name="test_output_reservation_is_create_only_and_precedes_provider" time="0.035" /><testcase classname="tests.evaluation.test_c3_official_pair" name="test_output_target_cannot_escape_repository" time="0.002" /><testcase classname="tests.evaluation.test_c3_official_pair" name="test_output_reservation_detects_directory_replacement" time="0.002" /><testcase classname="tests.evaluation.test_c3_official_pair" name="test_windows_directory_anchor_blocks_concurrent_staging_swap_and_external_write" time="0.006" /><testcase classname="tests.evaluation.test_c3_official_pair" name="test_windows_atomic_file_publication_preserves_racing_destination" time="0.010" /><testcase classname="tests.evaluation.test_c3_official_pair" name="test_runner_orders_baselines_reservation_one_provider_and_both_suites" time="0.034" /><testcase classname="tests.evaluation.test_c3_official_pair" name="test_suite_publication_uses_hidden_staging_then_atomic_child" time="0.039" /><testcase classname="tests.evaluation.test_c3_official_pair" name="test_final_pair_provenance_rejects_unclosed_disk_evidence" time="0.004" /><testcase classname="tests.evaluation.test_c3_official_pair" name="test_disk_backed_pair_closure_recomputes_both_suites_without_network" time="1.494" /><testcase classname="tests.evaluation.test_c3_official_pair" name="test_final_pair_provenance_closes_order_dispatches_and_is_last_file" time="0.015" /><testcase classname="tests.evaluation.test_c4_stage1_artifact_inventory" name="test_exact_inventory_public_boundary_is_sorted_and_restart_safe" time="0.025" /><testcase classname="tests.evaluation.test_c4_stage1_artifact_inventory" name="test_exact_inventory_rejects_undeclared_directory" time="0.006" /><testcase classname="tests.evaluation.test_c4_stage1_artifact_inventory" name="test_exact_inventory_rejects_change_between_cold_passes" time="0.017" /><testcase classname="tests.evaluation.test_c4_stage1_artifact_inventory" name="test_exact_inventory_rejects_external_hardlink" time="0.017" /><testcase classname="tests.evaluation.test_c4_stage1_attempt" name="test_review_commitments_are_derived_from_exact_runtime_and_service" time="0.010" /><testcase classname="tests.evaluation.test_c4_stage1_attempt" name="test_live_review_boundary_rejects_other_or_used_service" time="0.027" /><testcase classname="tests.evaluation.test_c4_stage1_attempt" name="test_live_review_boundary_rehashes_ui_before_use" time="0.055" /><testcase classname="tests.evaluation.test_c4_stage1_attempt" name="test_repository_gate_requires_live_equal_main_and_ignores_unrelated_dirt" time="0.003" /><testcase classname="tests.evaluation.test_c4_stage1_attempt" name="test_dino_entrypoint_pin_binds_exact_git_scope_bytes_and_gate" time="0.001" /><testcase classname="tests.evaluation.test_c4_stage1_attempt" name="test_cold_dino_entrypoint_copy_verification_rejects_replacement[dino-bootstrap]" time="0.089" /><testcase classname="tests.evaluation.test_c4_stage1_attempt" name="test_cold_dino_entrypoint_copy_verification_rejects_replacement[dino-worker]" time="0.086" /><testcase classname="tests.evaluation.test_c4_stage1_attempt" name="test_worker_runtime_pin_uses_stable_executable_and_exact_runtime_inventory" time="0.021" /><testcase classname="tests.evaluation.test_c4_stage1_attempt" name="test_default_runtime_probe_is_isolated_no_site_and_explicit_discovery" time="0.003" /><testcase classname="tests.evaluation.test_c4_stage1_attempt" name="test_runtime_inventory_changes_on_any_runtime_byte_mutation" time="0.019" /><testcase classname="tests.evaluation.test_c4_stage1_attempt" name="test_pre_spawn_reverification_rejects_runtime_inventory_mutation" time="0.108" /><testcase classname="tests.evaluation.test_c4_stage1_attempt" name="test_runtime_inventory_rejects_hardlinks_reparse_and_customization" time="0.017" /><testcase classname="tests.evaluation.test_c4_stage1_attempt" name="test_runtime_paths_reject_nonregular_worker_and_linked_staging_ancestry" time="0.003" /><testcase classname="tests.evaluation.test_c4_stage1_attempt" name="test_launch_policy_inherits_only_allowlisted_values_and_forces_offline" time="0.004" /><testcase classname="tests.evaluation.test_c4_stage1_attempt" name="test_prepared_attempt_binds_two_one_time_policies_and_no_outputs" time="0.102" /><testcase classname="tests.evaluation.test_c4_stage1_attempt" name="test_prepared_worker_rejects_provider_option_order_forgery" time="0.067" /><testcase classname="tests.evaluation.test_c4_stage1_bootstrap" name="test_bootstrap_import_is_stdlib_only_and_direct_failure_is_fixed" time="0.006" /><testcase classname="tests.evaluation.test_c4_stage1_bootstrap" name="test_envelope_binds_exact_argv_environment_and_cwd" time="0.005" /><testcase classname="tests.evaluation.test_c4_stage1_bootstrap" name="test_stable_reads_and_runtime_inventory_reject_links_and_customization" time="0.033" /><testcase classname="tests.evaluation.test_c4_stage1_bootstrap" name="test_script_pins_reject_tampered_bootstrap_or_worker" time="0.024" /><testcase classname="tests.evaluation.test_c4_stage1_bootstrap" name="test_source_and_snapshot_are_exact_byte_pinned" time="0.030" /><testcase classname="tests.evaluation.test_c4_stage1_bootstrap" name="test_descriptor_rejects_forged_id_and_hardlinked_payload" time="0.010" /><testcase classname="tests.evaluation.test_c4_stage1_cli" name="test_cli_defaults_to_model_free_preparation_and_emits_exact_confirmation" time="0.022" /><testcase classname="tests.evaluation.test_c4_stage1_cli" name="test_cli_execution_requires_flag_and_both_exact_ids" time="0.005" /><testcase classname="tests.evaluation.test_c4_stage1_cli" name="test_cli_executes_only_the_exact_inventory_anchor" time="0.005" /><testcase classname="tests.evaluation.test_c4_stage1_dino" name="test_public_builder_cold_binds_committed_family_and_exact_math" time="2.602" /><testcase classname="tests.evaluation.test_c4_stage1_dino" name="test_public_verifier_replays_store_and_rejects_result_tamper" time="2.728" /><testcase classname="tests.evaluation.test_c4_stage1_dino" name="test_cross_family_encodings_and_arbitrary_vectors_fail_closed" time="2.787" /><testcase classname="tests.evaluation.test_c4_stage1_dino" name="test_uncommitted_partial_or_mutated_publication_cannot_be_consumed" time="2.635" /><testcase classname="tests.evaluation.test_c4_stage1_dino" name="test_strict_threshold_and_serialized_publication_binding" time="2.566" /><testcase classname="tests.evaluation.test_c4_stage1_dino_run" name="test_separate_dino_run_preserves_exact_render_cold_replay" time="9.345" /><testcase classname="tests.evaluation.test_c4_stage1_dino_run" name="test_cold_replay_rejects_mutated_child_execution_bindings[semantic-request]" time="7.531" /><testcase classname="tests.evaluation.test_c4_stage1_dino_run" name="test_cold_replay_rejects_mutated_child_execution_bindings[environment]" time="7.613" /><testcase classname="tests.evaluation.test_c4_stage1_dino_run" name="test_cold_replay_rejects_mutated_child_execution_bindings[isolated-flags]" time="7.550" /><testcase classname="tests.evaluation.test_c4_stage1_dino_run" name="test_cold_replay_rejects_mutated_child_execution_bindings[script-pin]" time="7.639" /><testcase classname="tests.evaluation.test_c4_stage1_dino_run" name="test_exact_final_render_anchor_and_inventory_are_required_before_dino" time="2.424" /><testcase classname="tests.evaluation.test_c4_stage1_dino_run" name="test_other_repository_checkout_is_rejected_before_repository_capture" time="3.095" /><testcase classname="tests.evaluation.test_c4_stage1_dino_run" name="test_model_modules_are_absent_before_every_child_spawn" time="7.493" /><testcase classname="tests.evaluation.test_c4_stage1_dino_run" name="test_production_child_command_is_no_site_and_hard_bounded" time="3.122" /><testcase classname="tests.evaluation.test_c4_stage1_dino_run" name="test_base_runtime_probe_uses_bounded_tree_and_rejects_timeout" time="3.091" /><testcase classname="tests.evaluation.test_c4_stage1_dino_run" name="test_base_runtime_probe_requires_confirmed_empty_contained_tree" time="3.106" /><testcase classname="tests.evaluation.test_c4_stage1_dino_run" name="test_base_runtime_probe_rejects_bounded_output_flood[stdout]" time="3.096" /><testcase classname="tests.evaluation.test_c4_stage1_dino_run" name="test_base_runtime_probe_rejects_bounded_output_flood[stderr]" time="3.090" /><testcase classname="tests.evaluation.test_c4_stage1_dino_run" name="test_injected_hanging_child_is_killed_with_a_bounded_tree" time="0.219" /><testcase classname="tests.evaluation.test_c4_stage1_dino_run" name="test_no_site_bootstrap_recaptures_full_runtime_and_rejects_mutation" time="0.037" /><testcase classname="tests.evaluation.test_c4_stage1_dino_run" name="test_bootstrap_passes_sealed_request_bytes_and_ignores_path_replacement" time="0.006" /><testcase classname="tests.evaluation.test_c4_stage1_dino_run" name="test_staging_parent_cannot_overlap_repository_or_snapshot[repository]" time="3.097" /><testcase classname="tests.evaluation.test_c4_stage1_dino_run" name="test_staging_parent_cannot_overlap_repository_or_snapshot[snapshot]" time="3.083" /><testcase classname="tests.evaluation.test_c4_stage1_dino_run" name="test_snapshot_preflight_rejects_hardlinks_before_manifest_acceptance" time="0.003" /><testcase classname="tests.evaluation.test_c4_stage1_dino_run" name="test_cli_is_inert_without_explicit_execute" time="0.612" /><testcase classname="tests.evaluation.test_c4_stage1_dino_run" name="test_vectors_are_exact_float32_and_not_scalar_placeholders" time="0.001" /><testcase classname="tests.evaluation.test_c4_stage1_preflight_artifacts" name="test_committed_stage1_snapshot_manifest_normalizes_to_exact_canonical_bytes[longcat_turbo_snapshot_manifest.json-expected0]" time="0.001" /><testcase classname="tests.evaluation.test_c4_stage1_preflight_artifacts" name="test_committed_stage1_snapshot_manifest_normalizes_to_exact_canonical_bytes[omnigen_snapshot_manifest.json-expected1]" time="0.001" /><testcase classname="tests.evaluation.test_c4_stage1_preflight_artifacts" name="test_stage1_addendum_preserves_model_free_and_sampled_memory_boundary" time="0.000" /><testcase classname="tests.evaluation.test_c4_stage1_review" name="test_display_receipt_binds_exact_bytes_without_labels_paths_or_authority" time="0.065" /><testcase classname="tests.evaluation.test_c4_stage1_review" name="test_pre_output_contract_requires_exact_display_policy_pin" time="0.045" /><testcase classname="tests.evaluation.test_c4_stage1_review" name="test_both_distinct_operator_policy_pins_are_usable_without_provider_labels" time="0.052" /><testcase classname="tests.evaluation.test_c4_stage1_review" name="test_display_policy_rejects_direct_signing_secret_material[stage1-display-signing-secret-001]" time="0.001" /><testcase classname="tests.evaluation.test_c4_stage1_review" name="test_display_policy_rejects_direct_signing_secret_material[7374616765312d646973706c61792d7369676e696e672d7365637265742d303031]" time="0.001" /><testcase classname="tests.evaluation.test_c4_stage1_review" name="test_display_hmac_and_live_keyed_verifier_fail_closed" time="0.060" /><testcase classname="tests.evaluation.test_c4_stage1_review" name="test_committed_display_wrapper_derives_store_paths_and_rejects_other_family" time="2.485" /><testcase classname="tests.evaluation.test_c4_stage1_review" name="test_display_attestation_replay_is_rejected" time="0.059" /><testcase classname="tests.evaluation.test_c4_stage1_review" name="test_swap_after_manifest_fails_before_display" time="0.051" /><testcase classname="tests.evaluation.test_c4_stage1_review" name="test_bytes_mutated_during_display_fail_post_handle_rehash" time="0.045" /><testcase classname="tests.evaluation.test_c4_stage1_review" name="test_bytes_mutated_after_display_fail_cold_reverification" time="0.065" /><testcase classname="tests.evaluation.test_c4_stage1_review" name="test_wrong_blind_path_order_fails_closed" time="0.045" /><testcase classname="tests.evaluation.test_c4_stage1_review" name="test_failed_or_partial_display_publishes_no_receipt[True-False]" time="0.045" /><testcase classname="tests.evaluation.test_c4_stage1_review" name="test_failed_or_partial_display_publishes_no_receipt[False-True]" time="0.046" /><testcase classname="tests.evaluation.test_c4_stage1_review" name="test_provider_family_label_in_ui_identifier_is_rejected" time="0.041" /><testcase classname="tests.evaluation.test_c4_stage1_review" name="test_cold_model_copy_and_packet_tampering_fail_closed" time="0.054" /><testcase classname="tests.evaluation.test_c4_stage1_review" name="test_display_receipt_external_state_is_one_time_and_live" time="0.062" /><testcase classname="tests.evaluation.test_c4_stage1_review" name="test_operator_hmac_and_sealed_submission_include_exact_display_receipt" time="0.143" /><testcase classname="tests.evaluation.test_c4_stage1_review" name="test_direct_sealed_model_rejects_readdressed_cross_artifact_bindings[presentation-packet-sha256]" time="0.111" /><testcase classname="tests.evaluation.test_c4_stage1_review" name="test_direct_sealed_model_rejects_readdressed_cross_artifact_bindings[presentation-review-schema-id]" time="0.111" /><testcase classname="tests.evaluation.test_c4_stage1_review" name="test_direct_sealed_model_rejects_readdressed_cross_artifact_bindings[presentation-operator-policy-id]" time="0.112" /><testcase classname="tests.evaluation.test_c4_stage1_review" name="test_direct_sealed_model_rejects_readdressed_cross_artifact_bindings[presentation-source-sha256]" time="0.112" /><testcase classname="tests.evaluation.test_c4_stage1_review" name="test_direct_sealed_model_rejects_readdressed_cross_artifact_bindings[presentation-output-sha256]" time="0.111" /><testcase classname="tests.evaluation.test_c4_stage1_review" name="test_direct_sealed_model_rejects_readdressed_cross_artifact_bindings[context-packet-sha256]" time="0.110" /><testcase classname="tests.evaluation.test_c4_stage1_review" name="test_direct_sealed_model_rejects_readdressed_cross_artifact_bindings[context-review-schema-id]" time="0.109" /><testcase classname="tests.evaluation.test_c4_stage1_review" name="test_direct_sealed_model_rejects_readdressed_cross_artifact_bindings[context-operator-policy-id]" time="0.110" /><testcase classname="tests.evaluation.test_c4_stage1_review" name="test_direct_sealed_model_rejects_readdressed_cross_artifact_bindings[context-presentation-id]" time="0.111" /><testcase classname="tests.evaluation.test_c4_stage1_review" name="test_direct_sealed_model_rejects_readdressed_cross_artifact_bindings[context-presentation-sha256]" time="0.108" /><testcase classname="tests.evaluation.test_c4_stage1_review" name="test_direct_sealed_model_rejects_readdressed_cross_artifact_bindings[context-material-id]" time="0.120" /><testcase classname="tests.evaluation.test_c4_stage1_review" name="test_direct_sealed_model_rejects_readdressed_cross_artifact_bindings[context-material-sha256]" time="0.111" /><testcase classname="tests.evaluation.test_c4_stage1_review" name="test_direct_sealed_model_rejects_readdressed_cross_artifact_bindings[claim-packet-sha256]" time="0.109" /><testcase classname="tests.evaluation.test_c4_stage1_review" name="test_direct_sealed_model_rejects_readdressed_cross_artifact_bindings[claim-presentation-sha256]" time="0.109" /><testcase classname="tests.evaluation.test_c4_stage1_review" name="test_direct_sealed_model_rejects_readdressed_cross_artifact_bindings[claim-review-schema-id]" time="0.110" /><testcase classname="tests.evaluation.test_c4_stage1_review" name="test_external_operator_verifier_keeps_secret_out_of_seal_and_gate" time="0.136" /><testcase classname="tests.evaluation.test_c4_stage1_review" name="test_breaking_stage1_review_artifact_family_uses_v2_schemas" time="0.153" /><testcase classname="tests.evaluation.test_c4_stage1_review" name="test_raw_path_receipt_without_live_member_marker_cannot_be_sealed" time="0.077" /><testcase classname="tests.evaluation.test_c4_stage1_review" name="test_recomputed_receipt_rejects_swapped_publication_lineage" time="0.083" /><testcase classname="tests.evaluation.test_c4_stage1_review" name="test_hmac_from_other_display_receipt_cannot_authenticate_claim" time="0.093" /><testcase classname="tests.evaluation.test_c4_stage1_review" name="test_operator_policy_replay_with_different_lease_is_rejected" time="0.136" /><testcase classname="tests.evaluation.test_c4_stage1_review" name="test_missing_live_display_verifier_and_false_live_state_fail_seal" time="0.121" /><testcase classname="tests.evaluation.test_c4_stage1_review" name="test_direct_operator_secret_in_external_identifier_fails_sealing[stage1-operator-secret-material-001]" time="0.083" /><testcase classname="tests.evaluation.test_c4_stage1_review" name="test_direct_operator_secret_in_external_identifier_fails_sealing[7374616765312d6f70657261746f722d7365637265742d6d6174657269616c2d303031]" time="0.080" /><testcase classname="tests.evaluation.test_c4_stage1_review" name="test_covert_identifier_boundary_is_explicit_and_not_overclaimed" time="0.092" /><testcase classname="tests.evaluation.test_c4_stage1_review" name="test_missing_skipped_and_uncertain_review_fail_closed" time="0.222" /><testcase classname="tests.evaluation.test_c4_stage1_review" name="test_missing_judgment_and_wrong_display_hash_fail_claim" time="0.069" /><testcase classname="tests.evaluation.test_c4_stage1_review" name="test_public_artifacts_are_canonical_and_do_not_contain_raw_png_bytes" time="0.052" /><testcase classname="tests.evaluation.test_c4_stage1_review_commitments_cli" name="test_commitment_cli_writes_one_canonical_public_file" time="0.030" /><testcase classname="tests.evaluation.test_c4_stage1_review_commitments_cli" name="test_commitment_cli_rejects_repository_output" time="0.004" /><testcase classname="tests.evaluation.test_c4_stage1_review_commitments_cli" name="test_commitment_cli_rejects_wrong_interpreter_before_application_import" time="0.007" /><testcase classname="tests.evaluation.test_c4_stage1_review_presenter" name="test_presenter_operational_probe_hashes_installed_browser" time="0.020" /><testcase classname="tests.evaluation.test_c4_stage1_review_presenter" name="test_sealed_runtime_root_substitution_is_rejected[_runtime_provenance_root-runtime_provenance_root]" time="0.019" /><testcase classname="tests.evaluation.test_c4_stage1_review_presenter" name="test_sealed_runtime_root_substitution_is_rejected[_external_runtime_root-external_runtime_root]" time="0.019" /><testcase classname="tests.evaluation.test_c4_stage1_review_presenter" name="test_sealed_runtime_root_substitution_is_rejected[_external_browser_root-external_browser_root]" time="0.018" /><testcase classname="tests.evaluation.test_c4_stage1_review_presenter" name="test_post_session_runtime_tree_mutation_fails_before_submission_sealing" time="0.026" /><testcase classname="tests.evaluation.test_c4_stage1_review_presenter" name="test_absolute_deadline_terminates_hanging_browser_stage_once[launch]" time="0.067" /><testcase classname="tests.evaluation.test_c4_stage1_review_presenter" name="test_absolute_deadline_terminates_hanging_browser_stage_once[action]" time="0.060" /><testcase classname="tests.evaluation.test_c4_stage1_review_presenter" name="test_absolute_deadline_terminates_hanging_browser_stage_once[close]" time="0.063" /><testcase classname="tests.evaluation.test_c4_stage1_review_presenter" name="test_absolute_deadline_terminates_hanging_browser_stage_once[disconnect]" time="0.063" /><testcase classname="tests.evaluation.test_c4_stage1_review_presenter" name="test_absolute_deadline_terminates_hanging_runtime_verification_once" time="0.062" /><testcase classname="tests.evaluation.test_c4_stage1_review_presenter" name="test_close_failure_terminates_job_once" time="0.014" /><testcase classname="tests.evaluation.test_c4_stage1_review_presenter" name="test_cancel_grace_terminates_hanging_action_once" time="0.082" /><testcase classname="tests.evaluation.test_c4_stage1_review_presenter" name="test_request_cancellation_during_input_validation_never_launches_browser" time="0.017" /><testcase classname="tests.evaluation.test_c4_stage1_review_presenter" name="test_presenter_operational_probe_rejects_stale_user_data_dir" time="0.011" /><testcase classname="tests.evaluation.test_c4_stage1_review_presenter" name="test_browser_profile_cannot_overlap_a_sealed_runtime_root" time="0.010" /><testcase classname="tests.evaluation.test_c4_stage1_review_presenter" name="test_headed_offline_presenter_binds_exact_bytes_and_one_time_submission" time="0.027" /><testcase classname="tests.evaluation.test_c4_stage1_review_presenter" name="test_cancel_returns_false_and_stores_no_submission" time="0.026" /><testcase classname="tests.evaluation.test_c4_stage1_review_presenter" name="test_present_service_port_delegates_to_callable_presenter" time="0.026" /><testcase classname="tests.evaluation.test_c4_stage1_review_presenter" name="test_incomplete_or_tampered_submission_fails_closed[missing-field]" time="0.024" /><testcase classname="tests.evaluation.test_c4_stage1_review_presenter" name="test_incomplete_or_tampered_submission_fails_closed[unknown-slot]" time="0.025" /><testcase classname="tests.evaluation.test_c4_stage1_review_presenter" name="test_unpinned_network_request_is_aborted_and_fails_closed" time="0.026" /><testcase classname="tests.evaluation.test_c4_stage1_review_presenter" name="test_runtime_or_display_byte_tamper_fails_before_browser_launch" time="0.044" /><testcase classname="tests.evaluation.test_c4_stage1_review_presenter" name="test_closed_page_fails_without_leaving_submission_or_session" time="0.026" /><testcase classname="tests.evaluation.test_c4_stage1_review_presenter" name="test_browser_runtime_drift_and_broken_launch_fail_closed" time="0.037" /><testcase classname="tests.evaluation.test_c4_stage1_review_presenter" name="test_one_absolute_deadline_covers_navigation_readiness_and_terminal" time="0.025" /><testcase classname="tests.evaluation.test_c4_stage1_review_presenter" name="test_unconfirmed_js_terminal_cannot_race_delayed_submit_binding" time="0.025" /><testcase classname="tests.evaluation.test_c4_stage1_review_presenter" name="test_cancel_active_closes_the_live_browser_context" time="0.078" /><testcase classname="tests.evaluation.test_c4_stage1_review_presenter" name="test_blinded_payload_is_fresh_across_sessions_and_never_persisted" time="0.052" /><testcase classname="tests.evaluation.test_c4_stage1_review_run" name="test_orchestrator_requests_one_complete_operator_signing_cohort" time="0.276" /><testcase classname="tests.evaluation.test_c4_stage1_review_run" name="test_fake_presenter_maps_all_fields_and_seals_without_identity_reveal" time="0.130" /><testcase classname="tests.evaluation.test_c4_stage1_review_run" name="test_complete_hidden_identity_set_blocks_instructions_and_reviewer_pseudonym" time="0.042" /><testcase classname="tests.evaluation.test_c4_stage1_review_run" name="test_prepared_family_rejects_identity_alias_in_visible_instruction" time="0.038" /><testcase classname="tests.evaluation.test_c4_stage1_review_run" name="test_cancel_missing_and_incomplete_presenter_fail_closed[cancel]" time="0.044" /><testcase classname="tests.evaluation.test_c4_stage1_review_run" name="test_cancel_missing_and_incomplete_presenter_fail_closed[missing]" time="0.050" /><testcase classname="tests.evaluation.test_c4_stage1_review_run" name="test_cancel_missing_and_incomplete_presenter_fail_closed[incomplete]" time="0.050" /><testcase classname="tests.evaluation.test_c4_stage1_review_run" name="test_presenter_submission_never_defaults_a_missing_human_boolean" time="0.038" /><testcase classname="tests.evaluation.test_c4_stage1_review_run" name="test_replayed_review_context_or_policy_fails_closed" time="0.166" /><testcase classname="tests.evaluation.test_c4_stage1_review_run" name="test_separate_review_run_does_not_mutate_cold_verified_render_tree" time="5.591" /><testcase classname="tests.evaluation.test_c4_stage1_review_run" name="test_render_and_review_store_overlap_is_rejected_before_review" time="0.003" /><testcase classname="tests.evaluation.test_c4_stage1_review_run" name="test_dirty_or_wrong_head_repository_gate_fails_before_service_use" time="0.063" /><testcase classname="tests.evaluation.test_c4_stage1_review_run" name="test_review_cli_is_inert_without_explicit_execute" time="0.071" /><testcase classname="tests.evaluation.test_c4_stage1_review_run" name="test_review_cli_rejects_wrong_interpreter_before_application_import" time="0.003" /><testcase classname="tests.evaluation.test_c4_stage1_review_runtime" name="test_runtime_manifest_is_exact_content_addressed_and_path_free" time="0.003" /><testcase classname="tests.evaluation.test_c4_stage1_review_runtime" name="test_runtime_manifest_capture_and_cold_verification_are_deterministic" time="0.034" /><testcase classname="tests.evaluation.test_c4_stage1_review_runtime" name="test_runtime_capture_rejects_missing_and_tampered_assets[index.html]" time="0.029" /><testcase classname="tests.evaluation.test_c4_stage1_review_runtime" name="test_runtime_capture_rejects_missing_and_tampered_assets[review.css]" time="0.040" /><testcase classname="tests.evaluation.test_c4_stage1_review_runtime" name="test_runtime_capture_rejects_missing_and_tampered_assets[review.js]" time="0.027" /><testcase classname="tests.evaluation.test_c4_stage1_review_runtime" name="test_runtime_capture_rejects_additional_assets_and_directories" time="0.008" /><testcase classname="tests.evaluation.test_c4_stage1_review_runtime" name="test_runtime_capture_rejects_hardlinks" time="0.012" /><testcase classname="tests.evaluation.test_c4_stage1_review_runtime" name="test_runtime_capture_rejects_linked_assets_and_ui_ancestry" time="0.031" /><testcase classname="tests.evaluation.test_c4_stage1_review_runtime" name="test_runtime_verifier_rejects_forged_or_wrong_expected_manifest" time="0.026" /><testcase classname="tests.evaluation.test_c4_stage1_review_runtime" name="test_runtime_capture_requires_an_absolute_repository_root" time="0.000" /><testcase classname="tests.evaluation.test_c4_stage1_review_runtime_bootstrap" name="test_official_windows_pins_are_exact_and_complete" time="0.006" /><testcase classname="tests.evaluation.test_c4_stage1_review_runtime_bootstrap" name="test_stdlib_wheel_member_policy_rejects_windows_aliases[package/module.py:alternate-stream]" time="0.006" /><testcase classname="tests.evaluation.test_c4_stage1_review_runtime_bootstrap" name="test_stdlib_wheel_member_policy_rejects_windows_aliases[CON]" time="0.006" /><testcase classname="tests.evaluation.test_c4_stage1_review_runtime_bootstrap" name="test_stdlib_wheel_member_policy_rejects_windows_aliases[package/prn.txt]" time="0.006" /><testcase classname="tests.evaluation.test_c4_stage1_review_runtime_bootstrap" name="test_stdlib_wheel_member_policy_rejects_windows_aliases[package/AUX.json]" time="0.006" /><testcase classname="tests.evaluation.test_c4_stage1_review_runtime_bootstrap" name="test_stdlib_wheel_member_policy_rejects_windows_aliases[package/nul.data]" time="0.006" /><testcase classname="tests.evaluation.test_c4_stage1_review_runtime_bootstrap" name="test_stdlib_wheel_member_policy_rejects_windows_aliases[package/COM1.py]" time="0.005" /><testcase classname="tests.evaluation.test_c4_stage1_review_runtime_bootstrap" name="test_stdlib_wheel_member_policy_rejects_windows_aliases[package/lpt9.log]" time="0.006" /><testcase classname="tests.evaluation.test_c4_stage1_review_runtime_bootstrap" name="test_stdlib_wheel_member_policy_rejects_windows_aliases[package/trailing.]" time="0.006" /><testcase classname="tests.evaluation.test_c4_stage1_review_runtime_bootstrap" name="test_stdlib_wheel_member_policy_rejects_windows_aliases[package/trailing ]" time="0.006" /><testcase classname="tests.evaluation.test_c4_stage1_review_runtime_bootstrap" name="test_sealed_package_set_covers_review_cli_import_contract" time="0.589" /><testcase classname="tests.evaluation.test_c4_stage1_review_runtime_bootstrap" name="test_plan_is_read_only_and_redacts_local_paths" time="0.020" /><testcase classname="tests.evaluation.test_c4_stage1_review_runtime_bootstrap" name="test_execute_is_explicit_and_rejects_forbidden_root_overlap" time="0.085" /><testcase classname="tests.evaluation.test_c4_stage1_review_runtime_bootstrap" name="test_fake_execution_writes_create_only_verifiable_provenance_without_launch" time="0.596" /><testcase classname="tests.evaluation.test_c4_stage1_review_runtime_bootstrap" name="test_verify_rejects_post_install_executable_mutation" time="0.330" /><testcase classname="tests.evaluation.test_c4_stage1_review_runtime_bootstrap" name="test_authority_cli_preflight_binds_interpreter_to_sealed_provenance" time="0.333" /><testcase classname="tests.evaluation.test_c4_stage1_review_runtime_bootstrap" name="test_active_runtime_policy_rejects_extra_distributions_and_customization[venv/Lib/site-packages/duplicate_name-4.16.0.dist-info/METADATA-Name: typing_extensions\nVersion: 4.16.0\n]" time="0.255" /><testcase classname="tests.evaluation.test_c4_stage1_review_runtime_bootstrap" name="test_active_runtime_policy_rejects_extra_distributions_and_customization[base-python/Lib/site-packages/execute.pth-import os\n]" time="0.251" /><testcase classname="tests.evaluation.test_c4_stage1_review_runtime_bootstrap" name="test_active_runtime_policy_rejects_extra_distributions_and_customization[venv/Lib/site-packages/sitecustomize.py-raise SystemExit\n]" time="0.244" /><testcase classname="tests.evaluation.test_c4_stage1_review_runtime_bootstrap" name="test_active_runtime_policy_rejects_extra_distributions_and_customization[base-python/Lib/usercustomize.py-raise SystemExit\n]" time="0.249" /><testcase classname="tests.evaluation.test_c4_stage1_review_runtime_bootstrap" name="test_failed_execute_rolls_back_all_fresh_external_roots" time="0.038" /><testcase classname="tests.evaluation.test_c4_stage1_review_runtime_bootstrap" name="test_manifest_rejects_hardlinks" time="0.010" /><testcase classname="tests.evaluation.test_c4_stage1_review_runtime_bootstrap" name="test_shared_manifest_rejects_mutable_python_bytecode" time="0.009" /><testcase classname="tests.evaluation.test_c4_stage1_review_service" name="test_review_client_allows_the_full_bounded_human_review_timeout" time="0.004" /><testcase classname="tests.evaluation.test_c4_stage1_review_service" name="test_state_is_create_only_link_safe_and_exposes_only_commitments" time="0.090" /><testcase classname="tests.evaluation.test_c4_stage1_review_service" name="test_state_rejects_concurrent_owner_clone_and_incomplete_restart" time="0.086" /><testcase classname="tests.evaluation.test_c4_stage1_review_service" name="test_owner_lock_file_is_live_and_link_safe" time="0.056" /><testcase classname="tests.evaluation.test_c4_stage1_review_service" name="test_repository_gate_and_browser_runtime_are_live_bound" time="0.177" /><testcase classname="tests.evaluation.test_c4_stage1_review_service" name="test_presenter_sealed_runtime_roots_are_live_bound[runtime_provenance_root]" time="0.112" /><testcase classname="tests.evaluation.test_c4_stage1_review_service" name="test_presenter_sealed_runtime_roots_are_live_bound[external_runtime_root]" time="0.113" /><testcase classname="tests.evaluation.test_c4_stage1_review_service" name="test_presenter_sealed_runtime_roots_are_live_bound[external_browser_root]" time="0.115" /><testcase classname="tests.evaluation.test_c4_stage1_review_service" name="test_state_overlap_and_unpinned_presenter_fail_closed" time="0.009" /><testcase classname="tests.evaluation.test_c4_stage1_review_service" name="test_presenter_submission_is_canonical_and_consumed_once" time="0.135" /><testcase classname="tests.evaluation.test_c4_stage1_review_service" name="test_preseal_authority_uses_opaque_context_and_journals_authenticated_result" time="0.124" /><testcase classname="tests.evaluation.test_c4_stage1_review_service" name="test_atomic_cohort_operator_receipt_is_restart_safe_and_delivered_once_under_concurrency" time="0.521" /><testcase classname="tests.evaluation.test_c4_stage1_review_service" name="test_stateful_ipc_reset_after_commit_retries_all_operations_and_recovers_exact_results" time="1.424" /><testcase classname="tests.evaluation.test_c4_stage1_review_service" name="test_authenticated_submission_and_signing_lease_reject_forgery_reuse_and_cross_policy" time="0.397" /><testcase classname="tests.evaluation.test_c4_stage1_review_service" name="test_readdressed_claim_exact_bindings_fail_before_any_operator_hmac[presentation-manifest]" time="0.328" /><testcase classname="tests.evaluation.test_c4_stage1_review_service" name="test_readdressed_claim_exact_bindings_fail_before_any_operator_hmac[source-image]" time="0.343" /><testcase classname="tests.evaluation.test_c4_stage1_review_service" name="test_operator_signing_lease_uses_the_service_clock_and_expires" time="0.339" /><testcase classname="tests.evaluation.test_c4_stage1_review_service" name="test_single_review_has_no_signing_surface_and_restart_rejects_partial_precohort" time="0.235" /><testcase classname="tests.evaluation.test_c4_stage1_review_service" name="test_cross_prepared_attempt_cohort_mixing_rejects_without_consuming_members" time="0.404" /><testcase classname="tests.evaluation.test_c4_stage1_review_service" name="test_two_review_cohort_requires_both_distinct_service_operator_keys" time="0.360" /><testcase classname="tests.evaluation.test_c4_stage1_review_service" name="test_two_review_cohort_rejects_mixed_context_rubric_before_operator_hmac" time="0.368" /><testcase classname="tests.evaluation.test_c4_stage1_review_service" name="test_mid_cohort_transaction_failure_rolls_back_every_authority_row" time="0.382" /><testcase classname="tests.evaluation.test_c4_stage1_review_service" name="test_two_review_signing_cohort_persists_all_authority_receipts_atomically" time="0.651" /><testcase classname="tests.evaluation.test_c4_stage1_review_service" name="test_noncanonical_authority_ledger_json_marks_health_unready_and_restart_rejects" time="0.468" /><testcase classname="tests.evaluation.test_c4_stage1_review_service" name="test_stateful_result_journal_tamper_delete_and_orphan_fail_health_and_restart[row-hmac]" time="0.499" /><testcase classname="tests.evaluation.test_c4_stage1_review_service" name="test_stateful_result_journal_tamper_delete_and_orphan_fail_health_and_restart[missing-base-effect]" time="0.501" /><testcase classname="tests.evaluation.test_c4_stage1_review_service" name="test_stateful_result_journal_tamper_delete_and_orphan_fail_health_and_restart[authenticated-orphan-effect]" time="0.491" /><testcase classname="tests.evaluation.test_c4_stage1_review_service" name="test_presenter_receipt_auth_tag_tamper_marks_health_unready_and_restart_rejects" time="0.461" /><testcase classname="tests.evaluation.test_c4_stage1_review_service" name="test_exact_authority_snapshot_rejects_database_row_tamper[ledger-binding]" time="0.457" /><testcase classname="tests.evaluation.test_c4_stage1_review_service" name="test_exact_authority_snapshot_rejects_database_row_tamper[submission-consumed-at]" time="0.457" /><testcase classname="tests.evaluation.test_c4_stage1_review_service" name="test_exact_authority_snapshot_rejects_database_row_tamper[lease-consumed-at]" time="0.467" /><testcase classname="tests.evaluation.test_c4_stage1_review_service" name="test_readdressed_operator_rows_still_require_the_original_operator_hmac" time="0.409" /><testcase classname="tests.evaluation.test_c4_stage1_review_service" name="test_post_seal_display_sign_and_cohort_reuse_all_fail_closed" time="0.657" /><testcase classname="tests.evaluation.test_c4_stage1_review_service" name="test_client_rejects_forged_true_responses_for_every_authority_class[readiness-result0]" time="0.005" /><testcase classname="tests.evaluation.test_c4_stage1_review_service" name="test_client_rejects_forged_true_responses_for_every_authority_class[display-result1]" time="0.005" /><testcase classname="tests.evaluation.test_c4_stage1_review_service" name="test_client_rejects_forged_true_responses_for_every_authority_class[verify_authenticated_submission-True]" time="0.005" /><testcase classname="tests.evaluation.test_c4_stage1_review_service" name="test_client_rejects_missing_mac_cross_operation_and_replayed_response[missing-mac]" time="0.004" /><testcase classname="tests.evaluation.test_c4_stage1_review_service" name="test_client_rejects_missing_mac_cross_operation_and_replayed_response[cross-operation]" time="0.004" /><testcase classname="tests.evaluation.test_c4_stage1_review_service" name="test_client_rejects_missing_mac_cross_operation_and_replayed_response[replay]" time="0.027" /><testcase classname="tests.evaluation.test_c4_stage1_review_service" name="test_loopback_ipc_requires_hmac_and_rejects_durable_nonce_replay" time="0.282" /><testcase classname="tests.evaluation.test_c4_stage1_review_service" name="test_unauthenticated_mismatched_body_and_wrong_operation_create_no_stateful_result" time="0.202" /><testcase classname="tests.evaluation.test_c4_stage1_review_service" name="test_silent_and_partial_preauth_clients_cannot_wedge_valid_requests" time="0.202" /><testcase classname="tests.evaluation.test_c4_stage1_review_service" name="test_preauth_byte_dribble_cannot_hold_all_connection_slots" time="0.562" /><testcase classname="tests.evaluation.test_c4_stage1_review_service" name="test_authenticated_body_byte_dribble_has_one_total_deadline" time="0.375" /><testcase classname="tests.evaluation.test_c4_stage1_review_service" name="test_forged_large_body_claim_is_rejected_before_body_read" time="0.158" /><testcase classname="tests.evaluation.test_c4_stage1_review_service" name="test_loopback_server_caps_concurrent_preauth_handlers" time="0.480" /><testcase classname="tests.evaluation.test_c4_stage1_review_service" name="test_second_display_is_rejected_without_cancelling_or_orphaning_the_first" time="0.327" /><testcase classname="tests.evaluation.test_c4_stage1_review_service" name="test_non_display_response_reset_does_not_cancel_an_active_display" time="0.627" /><testcase classname="tests.evaluation.test_c4_stage1_review_service" name="test_display_peer_disconnect_cancels_the_active_presenter" time="0.221" /><testcase classname="tests.evaluation.test_c4_stage1_review_service" name="test_display_disconnect_cancels_during_pre_registration_validation" time="0.310" /><testcase classname="tests.evaluation.test_c4_stage1_review_service" name="test_cli_readiness_fails_closed_without_external_browser_runtime" time="1.089" /><testcase classname="tests.evaluation.test_c4_stage1_review_service" name="test_sqlite_schema_has_full_durability_and_unique_review_ledgers" time="0.058" /><testcase classname="tests.evaluation.test_c4_stage1_review_ui" name="test_ui_has_exact_source_two_blind_outputs_and_instructions" time="0.001" /><testcase classname="tests.evaluation.test_c4_stage1_review_ui" name="test_every_review_boolean_is_required_and_has_no_default" time="0.001" /><testcase classname="tests.evaluation.test_c4_stage1_review_ui" name="test_ui_has_explicit_submit_cancel_and_unpopulated_reviewer_identity" time="0.001" /><testcase classname="tests.evaluation.test_c4_stage1_review_ui" name="test_ui_csp_and_assets_are_strictly_offline" time="0.001" /><testcase classname="tests.evaluation.test_c4_stage1_review_ui" name="test_ui_exposes_only_blind_content_and_exact_host_revisions" time="0.001" /><testcase classname="tests.evaluation.test_c4_stage1_review_ui" name="test_ui_bundle_is_byte_pinned_by_the_runtime_manifest" time="0.003" /><testcase classname="tests.evaluation.test_c4_stage1_run" name="test_success_commits_two_atomic_members_and_cold_verifies_bytes" time="2.777" /><testcase classname="tests.evaluation.test_c4_stage1_run" name="test_exact_confirmation_is_required_before_any_run_mutation" time="0.204" /><testcase classname="tests.evaluation.test_c4_stage1_run" name="test_live_review_boundary_failure_prevents_first_spawn_and_mutation" time="0.213" /><testcase classname="tests.evaluation.test_c4_stage1_run" name="test_family_failure_stops_its_second_option_but_allows_alternate" time="1.497" /><testcase classname="tests.evaluation.test_c4_stage1_run" name="test_cuda_breach_is_global_and_prevents_all_later_spawns" time="0.575" /><testcase classname="tests.evaluation.test_c4_stage1_run" name="test_member_budget_never_starts_second_option_without_180_seconds" time="1.541" /><testcase classname="tests.evaluation.test_c4_stage1_run" name="test_unknown_inventory_injection_fails_before_next_spawn" time="0.453" /><testcase classname="tests.evaluation.test_c4_stage1_run" name="test_base_exception_after_runner_terminal_persists_final_failure_then_rethrows" time="0.748" /><testcase classname="tests.evaluation.test_c4_stage1_run" name="test_partial_output_writes_never_create_member_commit_marker" time="1.005" /><testcase classname="tests.evaluation.test_c4_stage1_run" name="test_envelope_persistence_failure_after_intent_gets_full_terminal_evidence" time="0.443" /><testcase classname="tests.evaluation.test_c4_stage1_run" name="test_transient_ledger_failure_after_terminal_writes_is_finalized[False]" time="0.726" /><testcase classname="tests.evaluation.test_c4_stage1_run" name="test_transient_ledger_failure_after_terminal_writes_is_finalized[True]" time="0.646" /><testcase classname="tests.evaluation.test_c4_stage1_run" name="test_untrusted_runner_terminal_still_gets_conservative_durable_evidence[missing_terminal]" time="0.524" /><testcase classname="tests.evaluation.test_c4_stage1_run" name="test_untrusted_runner_terminal_still_gets_conservative_durable_evidence[invalid_terminal]" time="0.521" /><testcase classname="tests.evaluation.test_c4_stage1_run" name="test_cold_run_rejects_readdressed_success_lineage_tampering" time="7.364" /><testcase classname="tests.evaluation.test_c4_stage1_run" name="test_member_marker_rejects_readdressed_telemetry_intent" time="2.895" /><testcase classname="tests.evaluation.test_c4_stage1_run" name="test_cold_run_rejects_readdressed_envelope_none_failure_lineage" time="1.428" /><testcase classname="tests.evaluation.test_c4_stage1_screen" name="test_document_pins_normalize_line_endings_and_reject_changed_content" time="0.001" /><testcase classname="tests.evaluation.test_c4_stage1_screen" name="test_pre_output_contract_binds_both_families_and_forbids_output_authority" time="0.013" /><testcase classname="tests.evaluation.test_c4_stage1_screen" name="test_dino_policy_is_strict_collapse_only_and_grants_no_authority" time="0.010" /><testcase classname="tests.evaluation.test_c4_stage1_staging" name="test_success_returns_only_portable_result_and_runtime_bytes" time="0.054" /><testcase classname="tests.evaluation.test_c4_stage1_staging" name="test_failure_requires_only_one_canonical_result" time="0.015" /><testcase classname="tests.evaluation.test_c4_stage1_staging" name="test_preparation_rejects_relative_or_nonfresh_root" time="0.003" /><testcase classname="tests.evaluation.test_c4_stage1_staging" name="test_prepared_root_identity_cannot_be_replaced" time="0.014" /><testcase classname="tests.evaluation.test_c4_stage1_staging" name="test_exact_inventory_and_canonical_result_are_required[unknown]" time="0.014" /><testcase classname="tests.evaluation.test_c4_stage1_staging" name="test_exact_inventory_and_canonical_result_are_required[failure_png]" time="0.021" /><testcase classname="tests.evaluation.test_c4_stage1_staging" name="test_exact_inventory_and_canonical_result_are_required[result_trailing]" time="0.015" /><testcase classname="tests.evaluation.test_c4_stage1_staging" name="test_png_trailing_bytes_or_evidence_mismatch_fail_closed" time="0.046" /><testcase classname="tests.evaluation.test_c4_stage1_staging" name="test_hardlinks_and_symlinks_are_rejected" time="0.032" /><testcase classname="tests.evaluation.test_c4_stage1_staging" name="test_file_swap_between_inventory_and_read_is_rejected" time="0.046" /><testcase classname="tests.evaluation.test_c4_stage1_staging" name="test_result_must_match_parent_held_request" time="0.015" /><testcase classname="tests.evaluation.test_c4_stage1_telemetry" name="test_stage1_telemetry_finalizer_persists_exact_pass_and_is_exactly_once" time="0.046" /><testcase classname="tests.evaluation.test_c4_stage1_telemetry" name="test_stage1_finalization_outcome_rejects_storage_descriptor_swap" time="0.050" /><testcase classname="tests.evaluation.test_c4_stage1_telemetry" name="test_stage1_intent_is_create_only_and_verified_before_inference" time="0.018" /><testcase classname="tests.evaluation.test_c4_stage1_telemetry" name="test_stage1_policy_freezes_sampling_and_exact_cuda_identity" time="0.004" /><testcase classname="tests.evaluation.test_c4_stage1_telemetry" name="test_stage1_initial_wait_and_cleanup_share_setup_callback_budget" time="0.003" /><testcase classname="tests.evaluation.test_c4_stage1_telemetry" name="test_stage1_telemetry_failure_paths_still_persist_terminal_receipt[result0-insufficient_telemetry_samples]" time="0.016" /><testcase classname="tests.evaluation.test_c4_stage1_telemetry" name="test_stage1_telemetry_failure_paths_still_persist_terminal_receipt[result1-final_telemetry_endpoint_missing]" time="0.033" /><testcase classname="tests.evaluation.test_c4_stage1_telemetry" name="test_stage1_telemetry_failure_paths_still_persist_terminal_receipt[result2-sampler_join_timeout]" time="0.017" /><testcase classname="tests.evaluation.test_c4_stage1_telemetry" name="test_stage1_samples_persistence_failure_writes_durable_failed_receipt" time="0.028" /><testcase classname="tests.evaluation.test_c4_stage1_telemetry" name="test_stage1_sample_execution_subject_mismatch_gets_terminal_failed_receipt" time="0.023" /><testcase classname="tests.evaluation.test_c4_stage1_telemetry" name="test_stage1_receipt_persistence_failure_returns_terminal_in_memory_receipt" time="0.023" /><testcase classname="tests.evaluation.test_c4_stage1_telemetry" name="test_stage1_persistence_base_exception_records_outcome_then_reraises" time="0.013" /><testcase classname="tests.evaluation.test_c4_stage1_telemetry" name="test_stage1_sampled_cuda_limit_is_a_fail_closed_lower_bound" time="0.027" /><testcase classname="tests.evaluation.test_c4_stage1_telemetry" name="test_stage1_process_request_execution_mismatch_fails_closed" time="0.032" /><testcase classname="tests.evaluation.test_c4_stage1_telemetry" name="test_stage1_samples_from_different_physical_cuda_device_fail_closed" time="0.017" /><testcase classname="tests.evaluation.test_c4_stage1_telemetry" name="test_stage1_receipt_rejects_model_copy_forged_pass" time="0.034" /><testcase classname="tests.evaluation.test_c4_stage1_telemetry" name="test_stage1_concurrent_finalization_has_exactly_one_owner" time="0.031" /><testcase classname="tests.evaluation.test_c4_stage1_telemetry" name="test_stage1_default_probe_is_bound_to_exact_context_target" time="0.004" /><testcase classname="tests.evaluation.test_c4_stage1_telemetry" name="test_stage1_controller_rejects_cuda_identity_different_from_intent" time="0.004" /><testcase classname="tests.evaluation.test_c4_stage1_telemetry" name="test_stage1_spawn_failure_has_public_zero_sample_terminal_path" time="0.004" /><testcase classname="tests.evaluation.test_c4_stage1_telemetry" name="test_stage1_lifecycle_controller_waits_initial_and_finishes_naturally" time="0.006" /><testcase classname="tests.evaluation.test_c4_stage1_telemetry" name="test_stage1_poll_detects_superseded_sticky_cuda_breach" time="0.004" /><testcase classname="tests.evaluation.test_c4_stage1_telemetry" name="test_stage1_lifecycle_controller_sample_limit_fails_poll_without_poll_probe" time="0.004" /><testcase classname="tests.evaluation.test_c4_stage1_telemetry" name="test_stage1_lifecycle_controller_probe_base_exception_fails_before_release" time="0.003" /><testcase classname="tests.evaluation.test_c4_stage1_telemetry" name="test_stage1_lifecycle_controller_initial_probe_timeout_is_bounded" time="0.063" /><testcase classname="tests.evaluation.test_c4_stage1_telemetry" name="test_stage1_lifecycle_controller_termination_captures_final_endpoint" time="0.005" /><testcase classname="tests.evaluation.test_c4_stage1_worker" name="test_direct_worker_is_inert_and_imports_no_rei_or_model_packages" time="0.002" /><testcase classname="tests.evaluation.test_c4_stage1_worker" name="test_authorized_worker_consumes_exact_capability_once_and_stages_create_only" time="0.022" /><testcase classname="tests.evaluation.test_c4_stage1_worker" name="test_worker_rejects_forged_capability_and_nonfresh_staging" time="0.005" /><testcase classname="tests.evaluation.test_c4_stage1_worker" name="test_worker_failure_is_path_free_and_base_exception_is_reraised" time="0.006" /><testcase classname="tests.evaluation.test_c4_stage1_worker" name="test_worker_stable_reader_rejects_hardlinks_and_symlinks" time="0.004" /><testcase classname="tests.evaluation.test_communication_eval" name="test_all_192_c1_interpretations_match_reviewed_classes" time="0.173" /><testcase classname="tests.evaluation.test_communication_eval" name="test_rationalization_is_distinguished_from_accurate_interpretation" time="0.001" /><testcase classname="tests.evaluation.test_communication_eval" name="test_hidden_truth_leakage_is_computed_from_actual_input_lineage" time="0.001" /><testcase classname="tests.evaluation.test_communication_eval" name="test_invalid_interpretation_payload_becomes_schema_failure" time="0.000" /><testcase classname="tests.evaluation.test_communication_eval" name="test_wrong_identity_empty_claims_and_empty_exposure_cannot_pass" time="0.001" /><testcase classname="tests.evaluation.test_communication_eval" name="test_unknown_operation_cannot_hide_non_null_inferences_behind_na" time="0.001" /><testcase classname="tests.evaluation.test_communication_eval" name="test_candidate_operation_cannot_override_trusted_distortion_evidence" time="0.001" /><testcase classname="tests.evaluation.test_domain_evaluators" name="test_racio_rejects_character_moral_status_and_hidden_motive_shortcuts" time="0.020" /><testcase classname="tests.evaluation.test_domain_evaluators" name="test_emocio_rejects_renderer_added_material_as_grounded_fact" time="0.001" /><testcase classname="tests.evaluation.test_domain_evaluators" name="test_instinkt_is_not_scored_by_withdrawal_alone" time="0.001" /><testcase classname="tests.evaluation.test_ego_eval" name="test_ego_evaluator_preserves_motif_and_projection_provenance" time="0.001" /><testcase classname="tests.evaluation.test_ego_eval" name="test_ego_evaluator_detects_false_motif_and_narrative_conflation" time="0.001" /><testcase classname="tests.evaluation.test_ego_eval" name="test_ego_evaluator_rejects_candidate_projection_facet_mutation" time="0.001" /><testcase classname="tests.evaluation.test_ego_eval" name="test_ego_evaluator_rejects_missing_projection_mind_even_with_valid_measures" time="0.001" /><testcase classname="tests.evaluation.test_ego_eval" name="test_ego_contract_requires_explicit_trusted_and_candidate_boundary_fields[EgoEvaluationCase-expected_projection_facets]" time="0.000" /><testcase classname="tests.evaluation.test_ego_eval" name="test_ego_contract_requires_explicit_trusted_and_candidate_boundary_fields[EgoEvaluationSample-projection_facets]" time="0.000" /><testcase classname="tests.evaluation.test_ego_eval" name="test_ego_contract_requires_explicit_trusted_and_candidate_boundary_fields[EgoEvaluationSample-self_narrative_artifact_ids]" time="0.000" /><testcase classname="tests.evaluation.test_ego_eval" name="test_ego_contract_requires_explicit_trusted_and_candidate_boundary_fields[EgoEvaluationSample-composition_artifact_ids]" time="0.000" /><testcase classname="tests.evaluation.test_emocio_four_image_exploration" name="test_four_image_exploration_is_bounded_and_non_authoritative" time="0.181" /><testcase classname="tests.evaluation.test_emocio_four_image_exploration" name="test_provider_failure_is_recorded_without_retry" time="0.094" /><testcase classname="tests.evaluation.test_emocio_four_image_exploration" name="test_output_root_cannot_escape_output_exploration" time="0.017" /><testcase classname="tests.evaluation.test_emocio_longcat_english_remain_exploration" name="test_english_remain_is_bounded_lineaged_and_non_authoritative" time="0.163" /><testcase classname="tests.evaluation.test_emocio_longcat_english_remain_exploration" name="test_prompt_seed_pins_branch_and_output_containment" time="0.019" /><testcase classname="tests.evaluation.test_emocio_longcat_english_remain_exploration" name="test_real_executor_pins_pipeline_arguments_and_failure_never_retries" time="0.192" /><testcase classname="tests.evaluation.test_emocio_longcat_seed_exploration" name="test_seed_screen_is_bounded_lineaged_and_non_authoritative" time="0.254" /><testcase classname="tests.evaluation.test_emocio_longcat_seed_exploration" name="test_seed_and_prompt_pins_and_output_containment" time="0.011" /><testcase classname="tests.evaluation.test_gemma4_epistemic_dev_runner" name="test_committed_corpus_seal_hashes_and_order" time="0.013" /><testcase classname="tests.evaluation.test_gemma4_epistemic_dev_runner" name="test_gold_json_arrays_load_as_strict_tuple_fields" time="0.000" /><testcase classname="tests.evaluation.test_gemma4_epistemic_dev_runner" name="test_manifest_and_corpus_tampering_fail_closed" time="0.020" /><testcase classname="tests.evaluation.test_gemma4_epistemic_dev_runner" name="test_provider_packets_exclude_wrapper_and_gold_tokens" time="0.001" /><testcase classname="tests.evaluation.test_gemma4_epistemic_dev_runner" name="test_attempt_ledger_precedes_discovery_and_dispatch_is_one_shot" time="0.279" /><testcase classname="tests.evaluation.test_gemma4_epistemic_dev_runner" name="test_existing_output_directory_refuses_rerun_before_chat" time="0.001" /><testcase classname="tests.evaluation.test_gemma4_epistemic_dev_runner" name="test_dispatched_failure_has_standard_record_and_missing_receipts" time="0.011" /><testcase classname="tests.evaluation.test_gemma4_epistemic_dev_runner" name="test_success_persists_validated_evidence_without_private_text" time="0.293" /><testcase classname="tests.evaluation.test_gemma4_epistemic_dev_runner" name="test_uncertainty_comparison_is_descriptive_and_non_gating" time="0.000" /><testcase classname="tests.evaluation.test_gemma4_epistemic_dev_runner" name="test_reports_keep_dimensions_separate_and_have_no_semantic_aggregate" time="0.068" /><testcase classname="tests.evaluation.test_gemma4_epistemic_provider" name="test_happy_path_pins_request_and_discards_thinking_text" time="0.010" /><testcase classname="tests.evaluation.test_gemma4_epistemic_provider" name="test_structural_projection_is_neutral_across_all_output_shapes[0-None]" time="0.001" /><testcase classname="tests.evaluation.test_gemma4_epistemic_provider" name="test_structural_projection_is_neutral_across_all_output_shapes[0-option_001]" time="0.000" /><testcase classname="tests.evaluation.test_gemma4_epistemic_provider" name="test_structural_projection_is_neutral_across_all_output_shapes[1-None]" time="0.000" /><testcase classname="tests.evaluation.test_gemma4_epistemic_provider" name="test_structural_projection_is_neutral_across_all_output_shapes[1-option_001]" time="0.000" /><testcase classname="tests.evaluation.test_gemma4_epistemic_provider" name="test_structural_projection_is_neutral_across_all_output_shapes[2-None]" time="0.000" /><testcase classname="tests.evaluation.test_gemma4_epistemic_provider" name="test_structural_projection_is_neutral_across_all_output_shapes[2-option_001]" time="0.000" /><testcase classname="tests.evaluation.test_gemma4_epistemic_provider" name="test_structural_projection_is_neutral_across_all_output_shapes[3-None]" time="0.000" /><testcase classname="tests.evaluation.test_gemma4_epistemic_provider" name="test_structural_projection_is_neutral_across_all_output_shapes[3-option_001]" time="0.000" /><testcase classname="tests.evaluation.test_gemma4_epistemic_provider" name="test_structural_projection_tampering_fails_closed" time="0.010" /><testcase classname="tests.evaluation.test_gemma4_epistemic_provider" name="test_execution_rejects_response_evidence_lineage_drift[change0]" time="0.009" /><testcase classname="tests.evaluation.test_gemma4_epistemic_provider" name="test_execution_rejects_response_evidence_lineage_drift[change1]" time="0.009" /><testcase classname="tests.evaluation.test_gemma4_epistemic_provider" name="test_execution_rejects_response_evidence_lineage_drift[change2]" time="0.009" /><testcase classname="tests.evaluation.test_gemma4_epistemic_provider" name="test_execution_rejects_response_evidence_lineage_drift[change3]" time="0.009" /><testcase classname="tests.evaluation.test_gemma4_epistemic_provider" name="test_execution_rejects_response_evidence_lineage_drift[change4]" time="0.009" /><testcase classname="tests.evaluation.test_gemma4_epistemic_provider" name="test_execution_rejects_response_evidence_lineage_drift[change5]" time="0.009" /><testcase classname="tests.evaluation.test_gemma4_epistemic_provider" name="test_execution_rejects_response_evidence_lineage_drift[change6]" time="0.008" /><testcase classname="tests.evaluation.test_gemma4_epistemic_provider" name="test_provider_rejects_embedded_hidden_lineage_before_chat[hidden_payload0]" time="0.001" /><testcase classname="tests.evaluation.test_gemma4_epistemic_provider" name="test_provider_rejects_embedded_hidden_lineage_before_chat[hidden_payload1]" time="0.001" /><testcase classname="tests.evaluation.test_gemma4_epistemic_provider" name="test_provider_rejects_embedded_hidden_lineage_before_chat[hidden_payload2]" time="0.001" /><testcase classname="tests.evaluation.test_gemma4_epistemic_provider" name="test_populated_motive_uses_exposed_closed_vocabulary" time="0.008" /><testcase classname="tests.evaluation.test_gemma4_epistemic_provider" name="test_untrusted_response_metadata_is_not_persisted_or_echoed" time="0.015" /><testcase classname="tests.evaluation.test_gemma4_epistemic_provider" name="test_non_json_response_value_is_rejected_without_echo" time="0.007" /><testcase classname="tests.evaluation.test_gemma4_epistemic_provider" name="test_chat_envelope_drift_fails_closed_without_leakage[&lt;lambda&gt;0]" time="0.007" /><testcase classname="tests.evaluation.test_gemma4_epistemic_provider" name="test_chat_envelope_drift_fails_closed_without_leakage[&lt;lambda&gt;1]" time="0.007" /><testcase classname="tests.evaluation.test_gemma4_epistemic_provider" name="test_chat_envelope_drift_fails_closed_without_leakage[&lt;lambda&gt;2]" time="0.007" /><testcase classname="tests.evaluation.test_gemma4_epistemic_provider" name="test_chat_envelope_drift_fails_closed_without_leakage[&lt;lambda&gt;3]" time="0.008" /><testcase classname="tests.evaluation.test_gemma4_epistemic_provider" name="test_chat_envelope_drift_fails_closed_without_leakage[&lt;lambda&gt;4]" time="0.007" /><testcase classname="tests.evaluation.test_gemma4_epistemic_provider" name="test_chat_envelope_drift_fails_closed_without_l
[...]
aracter_replay_uses_one_frozen_bundle_for_exact_thirteen_profiles" time="0.010" /><testcase classname="tests.rei.test_triad_response_screen_v1" name="test_compact_executed_evidence_is_cold_verifiable_when_present" time="0.160" /><testcase classname="tests.rei.test_triad_s2" name="test_sealed_candidate_prepares_exact_four_profile_blind_call_contracts" time="0.023" /><testcase classname="tests.rei.test_triad_s2" name="test_actual_counterfactual_valuation_vectors_have_capacity_to_differ" time="0.025" /><testcase classname="tests.rei.test_triad_s2" name="test_instinkt_effects_are_option_specific_grounded_and_distinct" time="0.022" /><testcase classname="tests.rei.test_triad_s2" name="test_expected_ledger_precommits_rejection_policy_and_zero_retry" time="0.023" /><testcase classname="tests.rei.test_triad_s2" name="test_model_profile_and_human_review_fields_are_frozen_and_empty" time="0.000" /><testcase classname="tests.rei.test_triad_vis_m1" name="test_mosaic_contract_preserves_temporal_and_option_boundaries" time="0.040" /><testcase classname="tests.rei.test_triad_vis_m1" name="test_only_no_response_panels_alias_current" time="0.037" /><testcase classname="tests.rei.test_triad_vis_m1" name="test_attention_shift_does_not_resolve_recognition" time="0.039" /><testcase classname="tests.rei.test_triad_vis_m1" name="test_private_evidence_does_not_resolve_public_attribution" time="0.040" /><testcase classname="tests.rei.test_triad_vis_m1" name="test_invalid_resolved_option_result_is_rejected" time="0.041" /><testcase classname="tests.rei.test_triad_vis_m1" name="test_canvases_are_deterministic_and_variant_isolation_is_bounded" time="0.162" /><testcase classname="tests.rei.test_triad_vis_m1r" name="test_opaque_case_and_option_ids_are_preserved" time="0.123" /><testcase classname="tests.rei.test_triad_vis_m1r" name="test_source_evidence_closure_covers_panels_and_relations" time="0.063" /><testcase classname="tests.rei.test_triad_vis_m1r" name="test_counterfactual_states_have_no_option_horizon" time="0.063" /><testcase classname="tests.rei.test_triad_vis_m1r" name="test_grounded_results_never_resolve_leader_decision" time="0.064" /><testcase classname="tests.rei.test_triad_vis_m1r" name="test_imagined_completion_has_no_reality_authority_or_alias" time="0.064" /><testcase classname="tests.rei.test_triad_vis_m1r" name="test_option_specific_relations_are_not_cross_copied" time="0.064" /><testcase classname="tests.rei.test_triad_vis_m1r" name="test_official_marker_is_distinct_from_attention_only_marker" time="0.075" /><testcase classname="tests.rei.test_triad_vis_m1r" name="test_broken_canvas_uses_no_m1_gray_occlusion_bytes" time="0.007" /><testcase classname="tests.rei.test_triad_vis_m1r" name="test_no_character_governance_or_call_authority" time="0.063" /><testcase classname="tests.rei.test_triad_vis_m1r2" name="test_original_evidence_record_hash_closure_and_polarity" time="0.002" /><testcase classname="tests.rei.test_triad_vis_m1r2" name="test_m1r_repository_blobs_remain_exactly_frozen" time="2.132" /><testcase classname="tests.rei.test_triad_vis_m1r2" name="test_imagined_completion_uses_triggers_not_support" time="0.121" /><testcase classname="tests.rei.test_triad_vis_m1r2" name="test_depicted_imagined_world_is_separate_from_grounded_status" time="0.063" /><testcase classname="tests.rei.test_triad_vis_m1r2" name="test_absent_audience_support_must_be_not_applicable" time="0.060" /><testcase classname="tests.rei.test_triad_vis_m1r2" name="test_absent_text_and_canvases_have_no_wider_audience" time="0.060" /><testcase classname="tests.rei.test_triad_vis_m1r2" name="test_visible_and_absent_completion_summaries_differ" time="0.121" /><testcase classname="tests.rei.test_triad_vis_m1r2" name="test_all_semantic_layers_remain_distinct" time="0.122" /><testcase classname="tests.rei.test_triad_vis_m1r2" name="test_no_calls_or_authority" time="0.064" /><testcase classname="tests.rei.test_triad_vis_m2" name="test_exact_twenty_canvases_and_eighteen_render_keys" time="0.019" /><testcase classname="tests.rei.test_triad_vis_m2" name="test_private_cross_variant_dedup_and_matched_seeds" time="0.018" /><testcase classname="tests.rei.test_triad_vis_m2" name="test_lineage_and_conditional_modality_are_complete" time="0.017" /><testcase classname="tests.rei.test_triad_vis_m2" name="test_signed_projection_basis_is_route_specific" time="0.017" /><testcase classname="tests.rei.test_triad_vis_m2" name="test_prompts_are_natural_identity_stable_and_variant_correct" time="0.017" /><testcase classname="tests.rei.test_triad_vis_m2" name="test_epistemic_boundary_and_zero_authority" time="0.018" /><testcase classname="tests.rei.test_triad_vis_m2" name="test_preflight_passes_without_calls" time="0.018" /><testcase classname="tests.rei.test_triad_vis_m2" name="test_panel_canvas_image_mapping_preserves_aliases" time="0.018" /><testcase classname="tests.rei.test_triad_vis_o1" name="test_scene_plan_freezes_exact_24_render_inputs" time="0.001"><failure message="ValueError: Frozen E3 execution candidate SHA-256 changed">tests\rei\test_triad_vis_o1.py:22: in test_scene_plan_freezes_exact_24_render_inputs
    plan = build_scene_plan(REPOSITORY_ROOT)
           ^^^^^^^^^^^^^^^^^^^^^^^^^^^^^^^^^
app\backend\rei\research\triad_vis_o1.py:371: in build_scene_plan
    for case in _load_cases(repository_root):
                ^^^^^^^^^^^^^^^^^^^^^^^^^^^^
app\backend\rei\research\triad_vis_o1.py:186: in _load_cases
    raise ValueError("Frozen E3 execution candidate SHA-256 changed")
E   ValueError: Frozen E3 execution candidate SHA-256 changed</failure></testcase><testcase classname="tests.rei.test_triad_vis_o1" name="test_prompts_are_model_free_and_do_not_predetermine_options" time="0.001"><failure message="ValueError: Frozen E3 execution candidate SHA-256 changed">tests\rei\test_triad_vis_o1.py:55: in test_prompts_are_model_free_and_do_not_predetermine_options
    for item in build_scene_plan(REPOSITORY_ROOT):
                ^^^^^^^^^^^^^^^^^^^^^^^^^^^^^^^^^
app\backend\rei\research\triad_vis_o1.py:371: in build_scene_plan
    for case in _load_cases(repository_root):
                ^^^^^^^^^^^^^^^^^^^^^^^^^^^^
app\backend\rei\research\triad_vis_o1.py:186: in _load_cases
    raise ValueError("Frozen E3 execution candidate SHA-256 changed")
E   ValueError: Frozen E3 execution candidate SHA-256 changed</failure></testcase><testcase classname="tests.rei.test_triad_vis_o1" name="test_scene_specs_preserve_route_scope_and_profile_blindness" time="0.000"><failure message="ValueError: Frozen E3 execution candidate SHA-256 changed">tests\rei\test_triad_vis_o1.py:73: in test_scene_specs_preserve_route_scope_and_profile_blindness
    for item in build_scene_plan(REPOSITORY_ROOT):
                ^^^^^^^^^^^^^^^^^^^^^^^^^^^^^^^^^
app\backend\rei\research\triad_vis_o1.py:371: in build_scene_plan
    for case in _load_cases(repository_root):
                ^^^^^^^^^^^^^^^^^^^^^^^^^^^^
app\backend\rei\research\triad_vis_o1.py:186: in _load_cases
    raise ValueError("Frozen E3 execution candidate SHA-256 changed")
E   ValueError: Frozen E3 execution candidate SHA-256 changed</failure></testcase><testcase classname="tests.rei.test_triad_vis_o1" name="test_strict_json_scene_replay_preserves_frozen_scene" time="0.000"><failure message="ValueError: Frozen E3 execution candidate SHA-256 changed">tests\rei\test_triad_vis_o1.py:82: in test_strict_json_scene_replay_preserves_frozen_scene
    item = build_scene_plan(REPOSITORY_ROOT)[0]
           ^^^^^^^^^^^^^^^^^^^^^^^^^^^^^^^^^
app\backend\rei\research\triad_vis_o1.py:371: in build_scene_plan
    for case in _load_cases(repository_root):
                ^^^^^^^^^^^^^^^^^^^^^^^^^^^^
app\backend\rei\research\triad_vis_o1.py:186: in _load_cases
    raise ValueError("Frozen E3 execution candidate SHA-256 changed")
E   ValueError: Frozen E3 execution candidate SHA-256 changed</failure></testcase><testcase classname="tests.rei.test_triad_vis_o2" name="test_identity_anchors_are_fixed_and_profile_blind" time="0.000" /><testcase classname="tests.rei.test_triad_vis_o2" name="test_transition_contracts_are_slot_specific" time="0.000" /><testcase classname="tests.rei.test_triad_vis_o2" name="test_canvas_generation_is_deterministic_and_no_response_is_current" time="0.031" /><testcase classname="tests.rei.test_triad_vis_o2" name="test_natural_prompts_are_metadata_free_and_matched_seeded" time="0.001" /><testcase classname="tests.rei.test_triad_vis_o2" name="test_human_review_is_explicitly_human_supplied" time="0.000" /><testcase classname="tests.research.test_emocio_vwm_e1r" name="test_evidence_classes_have_exact_authority_partition" time="0.000" /><testcase classname="tests.research.test_emocio_vwm_e1r" name="test_public_credit_immediate_and_goal_semantics_are_corrected" time="0.000" /><testcase classname="tests.research.test_emocio_vwm_e1r" name="test_orientation_and_camera_metrics_are_pixel_sourced" time="0.000" /><testcase classname="tests.research.test_emocio_vwm_e1r" name="test_technical_overfit_and_social_identity_plans_are_distinct" time="0.000" /><testcase classname="tests.research.test_emocio_vwm_e1r" name="test_environment_execution_and_model_fit_statuses_are_not_conflated" time="0.000" /><testcase classname="tests.research.test_emocio_vwm_e1r" name="test_lpwm_preflight_blocks_before_checkpoint_environment_and_cuda" time="0.051" /><testcase classname="tests.research.test_emocio_vwm_e1r" name="test_clean_png_boundary_rejects_semantic_call_keys" time="0.009" /><testcase classname="tests.research.test_emocio_vwm_e1r" name="test_mp4_boundary_checks_stream_shape_and_rejects_semantic_metadata" time="0.124" /><testcase classname="tests.research.test_emocio_vwm_e1r" name="test_dataset_plan_freezes_heldout_generalization_and_self_anchor_ablation" time="0.000" /><testcase classname="tests.research.test_emocio_vwm_e1r" name="test_phase_preserves_e1_and_forbids_model_execution" time="0.000" /><testcase classname="tests.research.test_emocio_vwm_e1r" name="test_failed_human_review_is_hash_bound_and_not_promoted_to_active_pass" time="0.000" /><testcase classname="tests.research.test_emocio_vwm_e1r" name="test_external_ai_review_pass_is_transparent_and_owner_approved" time="0.001" /><testcase classname="tests.research.test_emocio_vwm_e1r" name="test_attempt_3_seals_only_the_new_canonical_mosaic" time="0.000" /><testcase classname="tests.research.test_emocio_vwm_e2_protocol" name="test_e1r_medium_pass_is_narrow_and_exact" time="0.000" /><testcase classname="tests.research.test_emocio_vwm_e2_protocol" name="test_lpwm_source_and_from_scratch_policy_are_frozen" time="0.000" /><testcase classname="tests.research.test_emocio_vwm_e2_protocol" name="test_static_lpwm_interface_audit_matches_frozen_calls" time="0.000" /><testcase classname="tests.research.test_emocio_vwm_e2_protocol" name="test_dataset_manifest_is_complete_opaque_and_external" time="0.002" /><testcase classname="tests.research.test_emocio_vwm_e2_protocol" name="test_generator_hash_matches_frozen_dataset" time="0.001" /><testcase classname="tests.research.test_emocio_vwm_e2_protocol" name="test_model_visible_contract_is_rgb_only" time="0.000" /><testcase classname="tests.research.test_emocio_vwm_e2_protocol" name="test_visual_adapter_has_no_semantic_sidecar_dependency" time="0.001" /><testcase classname="tests.research.test_emocio_vwm_e2_protocol" name="test_no_lpwm_or_torch_import_precedes_runtime_preflight" time="0.004" /><testcase classname="tests.research.test_emocio_vwm_e2_protocol" name="test_optimizer_budget_seed_and_oom_fallback_are_exact" time="0.000" /><testcase classname="tests.research.test_emocio_vwm_e2_protocol" name="test_hard_gates_and_verdicts_are_immutable_and_distinct" time="0.000" /><testcase classname="tests.research.test_emocio_vwm_e2_protocol" name="test_sampling_is_preregistered_without_manual_selection" time="0.000" /><testcase classname="tests.research.test_emocio_vwm_e2_protocol" name="test_environment_is_exact_and_blackwell_capable" time="0.000" /><testcase classname="tests.research.test_emocio_vwm_e2_protocol" name="test_metric_definition_requires_explicit_hashed_weights_and_generated_pixels" time="0.000" /><testcase classname="tests.research.test_emocio_vwm_e2_protocol" name="test_protocol_lineage_is_complete_and_byte_exact" time="0.014" /><testcase classname="tests.research.test_emocio_vwm_e2_protocol" name="test_python_sources_compile_without_importing_lpwm" time="0.007" /><testcase classname="tests.research.test_emocio_vwm_e2_protocol" name="test_optional_local_external_dataset_matches_every_frozen_byte" time="0.000" /><testcase classname="tests.research.test_emocio_vwm_e2_result" name="test_result_is_execution_block_not_model_fit_failure" time="0.000" /><testcase classname="tests.research.test_emocio_vwm_e2_result" name="test_preflight_lineage_passed_before_lpwm_construction" time="0.000" /><testcase classname="tests.research.test_emocio_vwm_e2_result" name="test_exact_environment_and_cuda_blackwell_smoke_passed" time="0.000" /><testcase classname="tests.research.test_emocio_vwm_e2_result" name="test_failure_bundle_two_run_tree_is_byte_identical" time="0.001" /><testcase classname="tests.research.test_emocio_vwm_e2_result" name="test_result_bundle_manifest_matches_pre_manifest_tree" time="0.001" /><testcase classname="tests.research.test_emocio_vwm_e2_result" name="test_no_measured_outputs_or_unearned_claims_exist" time="0.000" /><testcase classname="tests.research.test_emocio_vwm_mvp" name="test_world_has_exact_required_social_cast_and_rooms" time="0.000" /><testcase classname="tests.research.test_emocio_vwm_mvp" name="test_world_has_all_required_visual_props_without_text_glyphs" time="0.000" /><testcase classname="tests.research.test_emocio_vwm_mvp" name="test_lpwm_pin_is_visual_only_and_has_no_download_authority" time="0.000" /><testcase classname="tests.research.test_emocio_vwm_mvp" name="test_clean_media_call_accepts_only_opaque_visual_input" time="0.010" /><testcase classname="tests.research.test_emocio_vwm_mvp" name="test_visual_only_leakage_gate_rejects_semantic_fields[leak0]" time="0.005" /><testcase classname="tests.research.test_emocio_vwm_mvp" name="test_visual_only_leakage_gate_rejects_semantic_fields[leak1]" time="0.004" /><testcase classname="tests.research.test_emocio_vwm_mvp" name="test_visual_only_leakage_gate_rejects_semantic_fields[leak2]" time="0.004" /><testcase classname="tests.research.test_emocio_vwm_mvp" name="test_visual_only_leakage_gate_rejects_semantic_fields[leak3]" time="0.009" /><testcase classname="tests.research.test_emocio_vwm_mvp" name="test_visual_only_leakage_gate_rejects_semantic_fields[leak4]" time="0.004" /><testcase classname="tests.research.test_emocio_vwm_mvp" name="test_png_text_metadata_is_rejected" time="0.008" /><testcase classname="tests.research.test_emocio_vwm_mvp" name="test_dataset_plan_contains_required_ablations_and_disjoint_holdout" time="0.000" /><testcase classname="tests.research.test_emocio_vwm_mvp" name="test_acceptance_is_frozen_and_stop_conditions_are_negative" time="0.000" /><testcase classname="tests.research.test_emocio_vwm_mvp" name="test_grounded_and_imagined_authority_are_non_interchangeable" time="0.000" /><testcase classname="tests.research.test_emocio_vwm_mvp" name="test_model_output_contract_is_visual_and_non_authoritative" time="0.000" /><testcase classname="tests.research.test_emocio_vwm_mvp" name="test_research_phase_starts_directly_from_requested_commit" time="0.000" /><testcase classname="tests.research.test_emocio_vwm_mvp" name="test_exploration_package_does_not_modify_active_rei_runtime" time="0.044" /><testcase classname="tests.semantic_lab.test_family_variant_grouping" name="test_lab_has_twenty_four_families_with_eight_grouped_variants" time="0.006" /><testcase classname="tests.semantic_lab.test_family_variant_grouping" name="test_variant_axes_are_present_in_every_family" time="0.000" /><testcase classname="tests.semantic_lab.test_fixture_generation" name="test_fixture_generation_is_deterministic_and_matches_committed_files" time="0.155" /><testcase classname="tests.semantic_lab.test_fixture_generation" name="test_committed_fixture_hashes_and_check_mode" time="0.023" /><testcase classname="tests.semantic_lab.test_no_behavior_to_character_shortcut" name="test_behavior_never_maps_directly_to_character" time="0.004" /><testcase classname="tests.semantic_lab.test_no_behavior_to_character_shortcut" name="test_same_behavior_keeps_three_distinct_native_routes" time="0.000" /><testcase classname="tests.semantic_lab.test_no_behavior_to_character_shortcut" name="test_same_route_survives_a_surface_behavior_change" time="0.000" /><testcase classname="tests.semantic_lab.test_no_training_export" name="test_semantic_lab_has_no_training_or_model_export" time="0.000" /><testcase classname="tests.semantic_lab.test_no_training_export" name="test_builder_exposes_no_training_entrypoint" time="0.003" /><testcase classname="tests.semantic_lab.test_slovenian_canonical_text_required" name="test_slovenian_is_canonical_and_english_is_only_an_operational_gloss" time="0.000" /><testcase classname="tests.semantic_lab.test_source_traceability" name="test_every_family_locator_resolves_to_the_canonical_claim_registry" time="0.002" /><testcase classname="tests.semantic_lab.test_source_traceability" name="test_every_family_has_a_non_model_canon_approval" time="0.020" /><testcase classname="tests.test_archive_boundary" name="test_active_code_does_not_import_archive" time="1.318" /><testcase classname="tests.test_archive_boundary" name="test_active_code_does_not_reference_archive_paths" time="1.416" /><testcase classname="tests.test_archive_boundary" name="test_pytest_configuration_isolates_archive" time="0.000" /><testcase classname="tests.test_archive_boundary" name="test_archive_files_are_not_in_active_collection" time="0.160" /><testcase classname="tests.test_archive_integrity" name="test_frozen_textual_baseline_matches_complete_sha256_inventory" time="0.042" /><testcase classname="tests.test_archive_integrity" name="test_archive_manifest_and_source_commit_are_self_consistent" time="0.002" /><testcase classname="tests.test_native_cutover" name="test_transitional_packages_are_fully_promoted" time="0.039" /><testcase classname="tests.test_native_cutover" name="test_legacy_entrypoints_and_duplicate_tests_exist_only_in_archive" time="0.001" /><testcase classname="tests.v2.test_canon_claim_registry" name="test_required_starter_claims_are_present" time="0.000" /><testcase classname="tests.v2.test_canon_claim_registry" name="test_canon_v2_registry_and_references_validate" time="0.021" /><testcase classname="tests.v2.test_canon_claim_registry" name="test_validator_cli_returns_nonzero_with_useful_errors" time="0.005" /><testcase classname="tests.v2.test_canon_claim_registry" name="test_ek_pdf_source_requires_positive_page" time="0.004" /><testcase classname="tests.v2.test_canon_claim_registry" name="test_supporting_source_must_exist" time="0.009" /><testcase classname="tests.v2.test_canon_claim_registry" name="test_supporting_document_needs_page_or_locator" time="0.003" /><testcase classname="tests.v2.test_no_scenario_rules_in_canon" name="test_no_benchmark_scenario_rules_in_canon_v2" time="0.002" /><testcase classname="tests.v2.test_no_scenario_rules_in_canon" name="test_benchmark_scan_normalizes_punctuation_and_case[quit-job-quit job]" time="0.000" /><testcase classname="tests.v2.test_no_scenario_rules_in_canon" name="test_benchmark_scan_normalizes_punctuation_and_case[SIDE_HUSTLE-side hustle]" time="0.000" /><testcase classname="tests.v2.test_no_scenario_rules_in_canon" name="test_benchmark_scan_normalizes_punctuation_and_case[first business-change scenario-first business change scenario]" time="0.000" /><testcase classname="tests.v2.test_no_scenario_rules_in_canon" name="test_benchmark_scan_normalizes_punctuation_and_case[all-in transition-all in transition]" time="0.003" /></testsuite></testsuites>